<?xml version="1.0" encoding="UTF-8"?>
<robot generator="Robot 7.2.2 (Python 3.13.1 on win32)" generated="2025-03-03T14:00:58.007269" rpa="false" schemaversion="5">
<suite id="s1" name="AlmosaferRobotframeWork" source="C:\Users\Leena\PycharmProjects\AlmosaferRobotframeWork">
<suite id="s1-s1" name="Tests" source="C:\Users\Leena\PycharmProjects\AlmosaferRobotframeWork\Tests">
<suite id="s1-s1-s1" name="Test" source="C:\Users\Leena\PycharmProjects\AlmosaferRobotframeWork\Tests\Test.robot">
<test id="s1-s1-s1-t1" name="TC03 END TO END" line="25">
<kw name="Open Website Homepage" owner="HomePage" type="SETUP">
<kw name="Open Browser And Maximize" owner="keywords">
<kw name="Open Browser" owner="SeleniumLibrary">
<msg time="2025-03-03T14:00:58.397444" level="INFO">Opening browser 'Chrome' to base url 'https://www.automationexercise.com/'.</msg>
<arg>${url}</arg>
<arg>${browser}</arg>
<doc>Opens a new browser instance to the optional ``url``.</doc>
<status status="PASS" start="2025-03-03T14:00:58.397099" elapsed="2.814878"/>
</kw>
<arg>${URL}</arg>
<status status="PASS" start="2025-03-03T14:00:58.396041" elapsed="2.816298"/>
</kw>
<status status="PASS" start="2025-03-03T14:00:58.395545" elapsed="2.816916"/>
</kw>
<kw name="TC01 Verify login success" owner="ProductPage">
<kw name="Open Website Homepage" owner="HomePage">
<kw name="Open Browser And Maximize" owner="keywords">
<kw name="Open Browser" owner="SeleniumLibrary">
<msg time="2025-03-03T14:01:01.217857" level="INFO">Opening browser 'Chrome' to base url 'https://www.automationexercise.com/'.</msg>
<arg>${url}</arg>
<arg>${browser}</arg>
<doc>Opens a new browser instance to the optional ``url``.</doc>
<status status="PASS" start="2025-03-03T14:01:01.217422" elapsed="4.015551"/>
</kw>
<arg>${URL}</arg>
<status status="PASS" start="2025-03-03T14:01:01.216295" elapsed="4.016942"/>
</kw>
<status status="PASS" start="2025-03-03T14:01:01.215454" elapsed="4.017875"/>
</kw>
<kw name="Navigate To Login Page" owner="HomePage">
<kw name="Wait And Click" owner="keywords">
<kw name="Wait Until Element Is Visible" owner="SeleniumLibrary">
<arg>${locator}</arg>
<arg>timeout=${timeout}</arg>
<doc>Waits until the element ``locator`` is visible.</doc>
<status status="PASS" start="2025-03-03T14:01:05.234078" elapsed="0.053057"/>
</kw>
<kw name="Click Element" owner="SeleniumLibrary">
<msg time="2025-03-03T14:01:05.287659" level="INFO">Clicking element '//*[contains(text(), "Signup / Login")]'.</msg>
<arg>${locator}</arg>
<doc>Click the element identified by ``locator``.</doc>
<status status="PASS" start="2025-03-03T14:01:05.287388" elapsed="2.926631"/>
</kw>
<arg>${Login_btn}</arg>
<arg>5s</arg>
<status status="PASS" start="2025-03-03T14:01:05.233797" elapsed="2.980394"/>
</kw>
<status status="PASS" start="2025-03-03T14:01:05.233530" elapsed="2.980730"/>
</kw>
<kw name="Enter valid credentials" owner="LoginPage">
<kw name="Wait And Input Text" owner="keywords">
<kw name="Wait Until Element Is Visible" owner="SeleniumLibrary">
<arg>${locator}</arg>
<arg>timeout=${timeout}</arg>
<doc>Waits until the element ``locator`` is visible.</doc>
<status status="PASS" start="2025-03-03T14:01:08.215100" elapsed="0.036659"/>
</kw>
<kw name="Input Text" owner="SeleniumLibrary">
<msg time="2025-03-03T14:01:08.252439" level="INFO">Typing text 'john.doe@automation.com' into text field '//input[@data-qa="login-email"]'.</msg>
<arg>${locator}</arg>
<arg>${text}</arg>
<doc>Types the given ``text`` into the text field identified by ``locator``.</doc>
<status status="PASS" start="2025-03-03T14:01:08.252059" elapsed="0.370237"/>
</kw>
<arg>${email_login}</arg>
<arg>${valid_email}</arg>
<status status="PASS" start="2025-03-03T14:01:08.214777" elapsed="0.407791"/>
</kw>
<kw name="Wait And Input Text" owner="keywords">
<kw name="Wait Until Element Is Visible" owner="SeleniumLibrary">
<arg>${locator}</arg>
<arg>timeout=${timeout}</arg>
<doc>Waits until the element ``locator`` is visible.</doc>
<status status="PASS" start="2025-03-03T14:01:08.623618" elapsed="0.031124"/>
</kw>
<kw name="Input Text" owner="SeleniumLibrary">
<msg time="2025-03-03T14:01:08.655575" level="INFO">Typing text 'SecurePassword123' into text field '//input[@data-qa="login-password"]'.</msg>
<arg>${locator}</arg>
<arg>${text}</arg>
<doc>Types the given ``text`` into the text field identified by ``locator``.</doc>
<status status="PASS" start="2025-03-03T14:01:08.655118" elapsed="0.215795"/>
</kw>
<arg>${password_login}</arg>
<arg>${valid_password}</arg>
<status status="PASS" start="2025-03-03T14:01:08.622931" elapsed="0.248201"/>
</kw>
<kw name="Wait And Click" owner="keywords">
<kw name="Wait Until Element Is Visible" owner="SeleniumLibrary">
<arg>${locator}</arg>
<arg>timeout=${timeout}</arg>
<doc>Waits until the element ``locator`` is visible.</doc>
<status status="PASS" start="2025-03-03T14:01:08.872057" elapsed="0.050061"/>
</kw>
<kw name="Click Element" owner="SeleniumLibrary">
<msg time="2025-03-03T14:01:08.922854" level="INFO">Clicking element '//button[@data-qa="login-button"]'.</msg>
<arg>${locator}</arg>
<doc>Click the element identified by ``locator``.</doc>
<status status="PASS" start="2025-03-03T14:01:08.922474" elapsed="3.373926"/>
</kw>
<arg>${login-button}</arg>
<status status="PASS" start="2025-03-03T14:01:08.871448" elapsed="3.425163"/>
</kw>
<status status="PASS" start="2025-03-03T14:01:08.214478" elapsed="4.082261"/>
</kw>
<kw name="Verify login success" owner="LoginPage">
<kw name="Wait Until Page Contains Element" owner="SeleniumLibrary">
<arg>${logout_btn}</arg>
<doc>Waits until the element ``locator`` appears on the current page.</doc>
<status status="PASS" start="2025-03-03T14:01:12.297580" elapsed="0.012914"/>
</kw>
<status status="PASS" start="2025-03-03T14:01:12.297052" elapsed="0.013612"/>
</kw>
<status status="PASS" start="2025-03-03T14:01:01.213746" elapsed="11.096973"/>
</kw>
<kw name="Navigate To Product Page" owner="HomePage">
<kw name="Wait And Click" owner="keywords">
<kw name="Wait Until Element Is Visible" owner="SeleniumLibrary">
<arg>${locator}</arg>
<arg>timeout=${timeout}</arg>
<doc>Waits until the element ``locator`` is visible.</doc>
<status status="PASS" start="2025-03-03T14:01:12.311982" elapsed="0.022784"/>
</kw>
<kw name="Click Element" owner="SeleniumLibrary">
<msg time="2025-03-03T14:01:12.335431" level="INFO">Clicking element '//i[contains(@class, 'card_travel')]'.</msg>
<arg>${locator}</arg>
<doc>Click the element identified by ``locator``.</doc>
<status status="PASS" start="2025-03-03T14:01:12.335079" elapsed="1.959733"/>
</kw>
<arg>${Product_btn}</arg>
<arg>5s</arg>
<status status="PASS" start="2025-03-03T14:01:12.311713" elapsed="1.983237"/>
</kw>
<status status="PASS" start="2025-03-03T14:01:12.311424" elapsed="1.983746"/>
</kw>
<kw name="Search for product" owner="ProductPage">
<kw name="Wait And Input Text" owner="keywords">
<kw name="Wait Until Element Is Visible" owner="SeleniumLibrary">
<arg>${locator}</arg>
<arg>timeout=${timeout}</arg>
<doc>Waits until the element ``locator`` is visible.</doc>
<status status="PASS" start="2025-03-03T14:01:14.296910" elapsed="0.042268"/>
</kw>
<kw name="Input Text" owner="SeleniumLibrary">
<msg time="2025-03-03T14:01:14.340285" level="INFO">Typing text 'women' into text field '//input[@id='search_product']'.</msg>
<arg>${locator}</arg>
<arg>${text}</arg>
<doc>Types the given ``text`` into the text field identified by ``locator``.</doc>
<status status="PASS" start="2025-03-03T14:01:14.339765" elapsed="0.118692"/>
</kw>
<arg>${search_field}</arg>
<arg>${search_input}</arg>
<status status="PASS" start="2025-03-03T14:01:14.296329" elapsed="0.162395"/>
</kw>
<kw name="Wait And Click" owner="keywords">
<kw name="Wait Until Element Is Visible" owner="SeleniumLibrary">
<arg>${locator}</arg>
<arg>timeout=${timeout}</arg>
<doc>Waits until the element ``locator`` is visible.</doc>
<status status="PASS" start="2025-03-03T14:01:14.459527" elapsed="0.017302"/>
</kw>
<kw name="Click Element" owner="SeleniumLibrary">
<msg time="2025-03-03T14:01:14.477460" level="INFO">Clicking element '//button[@id='submit_search']'.</msg>
<arg>${locator}</arg>
<doc>Click the element identified by ``locator``.</doc>
<status status="PASS" start="2025-03-03T14:01:14.477135" elapsed="3.275410"/>
</kw>
<arg>${search_btn}</arg>
<status status="PASS" start="2025-03-03T14:01:14.459096" elapsed="3.293590"/>
</kw>
<status status="PASS" start="2025-03-03T14:01:14.295874" elapsed="3.456877"/>
</kw>
<kw name="Add two product" owner="ProductPage">
<kw name="Scroll Element Into View" owner="SeleniumLibrary">
<arg>${view_product}</arg>
<doc>Scrolls the element identified by ``locator`` into view.</doc>
<status status="PASS" start="2025-03-03T14:01:17.753935" elapsed="0.313954"/>
</kw>
<kw name="Wait And Click" owner="keywords">
<kw name="Wait Until Element Is Visible" owner="SeleniumLibrary">
<arg>${locator}</arg>
<arg>timeout=${timeout}</arg>
<doc>Waits until the element ``locator`` is visible.</doc>
<status status="PASS" start="2025-03-03T14:01:18.069166" elapsed="0.056968"/>
</kw>
<kw name="Click Element" owner="SeleniumLibrary">
<msg time="2025-03-03T14:01:18.127276" level="INFO">Clicking element '//*[@data-product-id='7']'.</msg>
<arg>${locator}</arg>
<doc>Click the element identified by ``locator``.</doc>
<status status="PASS" start="2025-03-03T14:01:18.126802" elapsed="0.184456"/>
</kw>
<arg>${product_one}</arg>
<status status="PASS" start="2025-03-03T14:01:18.068435" elapsed="0.243186"/>
</kw>
<kw name="Wait And Click" owner="keywords">
<kw name="Wait Until Element Is Visible" owner="SeleniumLibrary">
<arg>${locator}</arg>
<arg>timeout=${timeout}</arg>
<doc>Waits until the element ``locator`` is visible.</doc>
<status status="PASS" start="2025-03-03T14:01:18.312646" elapsed="0.493189"/>
</kw>
<kw name="Click Element" owner="SeleniumLibrary">
<msg time="2025-03-03T14:01:18.807962" level="INFO">Clicking element '//button[contains(text(), 'Continue Shopping')]'.</msg>
<arg>${locator}</arg>
<doc>Click the element identified by ``locator``.</doc>
<status status="PASS" start="2025-03-03T14:01:18.806239" elapsed="0.142004"/>
</kw>
<arg>${Continue_Shopping}</arg>
<arg>3s</arg>
<status status="PASS" start="2025-03-03T14:01:18.312005" elapsed="0.636391"/>
</kw>
<kw name="Wait And Click" owner="keywords">
<kw name="Wait Until Element Is Visible" owner="SeleniumLibrary">
<arg>${locator}</arg>
<arg>timeout=${timeout}</arg>
<doc>Waits until the element ``locator`` is visible.</doc>
<status status="PASS" start="2025-03-03T14:01:18.949037" elapsed="0.032988"/>
</kw>
<kw name="Click Element" owner="SeleniumLibrary">
<msg time="2025-03-03T14:01:18.982643" level="INFO">Clicking element '//a[@data-product-id='42']'.</msg>
<arg>${locator}</arg>
<doc>Click the element identified by ``locator``.</doc>
<status status="PASS" start="2025-03-03T14:01:18.982311" elapsed="0.120917"/>
</kw>
<arg>${product_two}</arg>
<status status="PASS" start="2025-03-03T14:01:18.948632" elapsed="0.154767"/>
</kw>
<kw name="Wait And Click" owner="keywords">
<kw name="Wait Until Element Is Visible" owner="SeleniumLibrary">
<arg>${locator}</arg>
<arg>timeout=${timeout}</arg>
<doc>Waits until the element ``locator`` is visible.</doc>
<status status="PASS" start="2025-03-03T14:01:19.104092" elapsed="0.468884"/>
</kw>
<kw name="Click Element" owner="SeleniumLibrary">
<msg time="2025-03-03T14:01:19.573623" level="INFO">Clicking element '//button[contains(text(), 'Continue Shopping')]'.</msg>
<arg>${locator}</arg>
<doc>Click the element identified by ``locator``.</doc>
<status status="PASS" start="2025-03-03T14:01:19.573254" elapsed="0.078179"/>
</kw>
<arg>${Continue_Shopping}</arg>
<arg>3s</arg>
<status status="PASS" start="2025-03-03T14:01:19.103643" elapsed="0.548032"/>
</kw>
<status status="PASS" start="2025-03-03T14:01:17.753631" elapsed="1.898203"/>
</kw>
<kw name="Sleep" owner="BuiltIn">
<msg time="2025-03-03T14:01:22.653590" level="INFO">Slept 3 seconds.</msg>
<arg>3s</arg>
<doc>Pauses the test executed for the given time.</doc>
<status status="PASS" start="2025-03-03T14:01:19.652607" elapsed="3.001201"/>
</kw>
<kw name="Continues to checkout" owner="ProductPage">
<kw name="Wait And Click" owner="keywords">
<kw name="Wait Until Element Is Visible" owner="SeleniumLibrary">
<arg>${locator}</arg>
<arg>timeout=${timeout}</arg>
<doc>Waits until the element ``locator`` is visible.</doc>
<status status="PASS" start="2025-03-03T14:01:22.655995" elapsed="0.034546"/>
</kw>
<kw name="Click Element" owner="SeleniumLibrary">
<msg time="2025-03-03T14:01:22.691188" level="INFO">Clicking element '//i[contains(@class, 'fa-shopping-cart')]'.</msg>
<arg>${locator}</arg>
<doc>Click the element identified by ``locator``.</doc>
<status status="PASS" start="2025-03-03T14:01:22.690856" elapsed="1.728488"/>
</kw>
<arg>${shopping-cart}</arg>
<arg>3s</arg>
<status status="PASS" start="2025-03-03T14:01:22.655628" elapsed="1.763853"/>
</kw>
<kw name="Sleep" owner="BuiltIn">
<msg time="2025-03-03T14:01:27.420193" level="INFO">Slept 3 seconds.</msg>
<arg>3s</arg>
<doc>Pauses the test executed for the given time.</doc>
<status status="PASS" start="2025-03-03T14:01:24.419635" elapsed="3.000804"/>
</kw>
<kw name="Wait Until Page Contains Element" owner="SeleniumLibrary">
<arg>${Checkout_btn}</arg>
<doc>Waits until the element ``locator`` appears on the current page.</doc>
<status status="PASS" start="2025-03-03T14:01:27.420786" elapsed="0.044714"/>
</kw>
<kw name="Wait And Click" owner="keywords">
<kw name="Wait Until Element Is Visible" owner="SeleniumLibrary">
<arg>${locator}</arg>
<arg>timeout=${timeout}</arg>
<doc>Waits until the element ``locator`` is visible.</doc>
<status status="PASS" start="2025-03-03T14:01:27.466326" elapsed="0.030992"/>
</kw>
<kw name="Click Element" owner="SeleniumLibrary">
<msg time="2025-03-03T14:01:27.498045" level="INFO">Clicking element '//a[contains(@class, 'check_out')]'.</msg>
<arg>${locator}</arg>
<doc>Click the element identified by ``locator``.</doc>
<status status="PASS" start="2025-03-03T14:01:27.497603" elapsed="1.356174"/>
</kw>
<arg>${Checkout_btn}</arg>
<status status="PASS" start="2025-03-03T14:01:27.465852" elapsed="1.388131"/>
</kw>
<kw name="Sleep" owner="BuiltIn">
<msg time="2025-03-03T14:01:33.855318" level="INFO">Slept 5 seconds.</msg>
<arg>5s</arg>
<doc>Pauses the test executed for the given time.</doc>
<status status="PASS" start="2025-03-03T14:01:28.854216" elapsed="5.001513"/>
</kw>
<kw name="Scroll Element Into View" owner="SeleniumLibrary">
<msg time="2025-03-03T14:01:37.990542" level="WARN">Retrying (Retry(total=2, connect=None, read=None, redirect=None, status=None)) after connection broken by 'NewConnectionError('&lt;urllib3.connection.HTTPConnection object at 0x000001ED2CF21BD0&gt;: Failed to establish a new connection: [WinError 10061] No connection could be made because the target machine actively refused it')': /session/4abaef6e470a8d511f7e263c6f6f6699/screenshot</msg>
<msg time="2025-03-03T14:01:42.071597" level="WARN">Retrying (Retry(total=1, connect=None, read=None, redirect=None, status=None)) after connection broken by 'NewConnectionError('&lt;urllib3.connection.HTTPConnection object at 0x000001ED2CF18050&gt;: Failed to establish a new connection: [WinError 10061] No connection could be made because the target machine actively refused it')': /session/4abaef6e470a8d511f7e263c6f6f6699/screenshot</msg>
<msg time="2025-03-03T14:01:46.131265" level="WARN">Retrying (Retry(total=0, connect=None, read=None, redirect=None, status=None)) after connection broken by 'NewConnectionError('&lt;urllib3.connection.HTTPConnection object at 0x000001ED2CF196E0&gt;: Failed to establish a new connection: [WinError 10061] No connection could be made because the target machine actively refused it')': /session/4abaef6e470a8d511f7e263c6f6f6699/screenshot</msg>
<msg time="2025-03-03T14:01:50.197165" level="WARN">Keyword 'Capture Page Screenshot' could not be run on failure: HTTPConnectionPool(host='localhost', port=63886): Max retries exceeded with url: /session/4abaef6e470a8d511f7e263c6f6f6699/screenshot (Caused by NewConnectionError('&lt;urllib3.connection.HTTPConnection object at 0x000001ED2CE96450&gt;: Failed to establish a new connection: [WinError 10061] No connection could be made because the target machine actively refused it'))