<?xml version="1.0" encoding="UTF-8"?>
<robot generator="Robot 7.2.2 (Python 3.13.1 on win32)" generated="2025-03-03T13:56:43.404323" rpa="false" schemaversion="5">
<suite id="s1" name="Tests" source="C:\Users\Leena\PycharmProjects\AlmosaferRobotframeWork\Tests">
<suite id="s1-s1" name="Test" source="C:\Users\Leena\PycharmProjects\AlmosaferRobotframeWork\Tests\Test.robot">
<test id="s1-s1-t1" name="TC01 Verify login success" line="11">
<kw name="Open Website Homepage" owner="HomePage">
<msg time="2025-03-03T13:56:44.043867" level="TRACE">Arguments: [  ]</msg>
<kw name="Open Browser And Maximize" owner="keywords">
<msg time="2025-03-03T13:56:44.044710" level="TRACE">Arguments: [ ${url}='https://www.automationexercise.com/' | ${browser}='Chrome' ]</msg>
<kw name="Open Browser" owner="SeleniumLibrary">
<msg time="2025-03-03T13:56:44.045609" level="TRACE">Arguments: [ 'https://www.automationexercise.com/' | 'Chrome' ]</msg>
<msg time="2025-03-03T13:56:44.045736" level="INFO">Opening browser 'Chrome' to base url 'https://www.automationexercise.com/'.</msg>
<msg time="2025-03-03T13:56:44.047990" level="DEBUG">Selenium Manager binary found at: C:\Users\Leena\PycharmProjects\AlmosaferRobotframeWork\.venv\Lib\site-packages\selenium\webdriver\common\windows\selenium-manager.exe</msg>
<msg time="2025-03-03T13:56:44.048305" level="DEBUG">Executing process: C:\Users\Leena\PycharmProjects\AlmosaferRobotframeWork\.venv\Lib\site-packages\selenium\webdriver\common\windows\selenium-manager.exe --browser chrome --language-binding python --output json</msg>
<msg time="2025-03-03T13:56:44.651489" level="DEBUG">Driver path: C:\Users\Leena\.cache\selenium\chromedriver\win64\133.0.6943.141\chromedriver.exe</msg>
<msg time="2025-03-03T13:56:44.651655" level="DEBUG">Browser path: C:\Program Files\Google\Chrome\Application\chrome.exe</msg>
<msg time="2025-03-03T13:56:44.664339" level="DEBUG">Started executable: `C:\Users\Leena\.cache\selenium\chromedriver\win64\133.0.6943.141\chromedriver.exe` in a child process with pid: 4552 using 0 to output -3</msg>
<msg time="2025-03-03T13:56:45.191372" level="DEBUG">POST http://localhost:63134/session {'capabilities': {'firstMatch': [{}], 'alwaysMatch': {'browserName': 'chrome', 'pageLoadStrategy': &lt;PageLoadStrategy.normal: 'normal'&gt;, 'browserVersion': None, 'goog:chromeOptions': {'extensions': [], 'binary': 'C:\\Program Files\\Google\\Chrome\\Application\\chrome.exe', 'args': []}}}}</msg>
<msg time="2025-03-03T13:56:45.191933" level="DEBUG">Starting new HTTP connection (1): localhost:63134</msg>
<msg time="2025-03-03T13:56:46.113396" level="DEBUG">http://localhost:63134 "POST /session HTTP/1.1" 200 0</msg>
<msg time="2025-03-03T13:56:46.113760" level="DEBUG">Remote response: status=200 | data={"value":{"capabilities":{"acceptInsecureCerts":false,"browserName":"chrome","browserVersion":"133.0.6943.142","chrome":{"chromedriverVersion":"133.0.6943.141 (2a5d6da0d6165d7b107502095a937fe7704fcef6-refs/branch-heads/6943@{#1912})","userDataDir":"C:\\Users\\Leena\\AppData\\Local\\Temp\\scoped_dir4552_764447996"},"fedcm:accounts":true,"goog:chromeOptions":{"debuggerAddress":"localhost:63138"},"networkConnectionEnabled":false,"pageLoadStrategy":"normal","platformName":"windows","proxy":{},"setWindowRect":true,"strictFileInteractability":false,"timeouts":{"implicit":0,"pageLoad":300000,"script":30000},"unhandledPromptBehavior":"dismiss and notify","webauthn:extension:credBlob":true,"webauthn:extension:largeBlob":true,"webauthn:extension:minPinLength":true,"webauthn:extension:prf":true,"webauthn:virtualAuthenticators":true},"sessionId":"61a6f6433ef6ef8eca92135fac5bd8ad"}} | headers=HTTPHeaderDict({'Content-Length': '882', 'Content-Type': 'application/json; charset=utf-8', 'cache-control': 'no-cache'})</msg>
<msg time="2025-03-03T13:56:46.113890" level="DEBUG">Finished Request</msg>
<msg time="2025-03-03T13:56:46.114056" level="DEBUG">POST http://localhost:63134/session/61a6f6433ef6ef8eca92135fac5bd8ad/timeouts {'script': 5000}</msg>
<msg time="2025-03-03T13:56:46.116033" level="DEBUG">http://localhost:63134 "POST /session/61a6f6433ef6ef8eca92135fac5bd8ad/timeouts HTTP/1.1" 200 0</msg>
<msg time="2025-03-03T13:56:46.116132" level="DEBUG">Remote response: status=200 | data={"value":null} | headers=HTTPHeaderDict({'Content-Length': '14', 'Content-Type': 'application/json; charset=utf-8', 'cache-control': 'no-cache'})</msg>
<msg time="2025-03-03T13:56:46.116189" level="DEBUG">Finished Request</msg>
<msg time="2025-03-03T13:56:46.116267" level="DEBUG">POST http://localhost:63134/session/61a6f6433ef6ef8eca92135fac5bd8ad/timeouts {'implicit': 0}</msg>
<msg time="2025-03-03T13:56:46.117218" level="DEBUG">http://localhost:63134 "POST /session/61a6f6433ef6ef8eca92135fac5bd8ad/timeouts HTTP/1.1" 200 0</msg>
<msg time="2025-03-03T13:56:46.117312" level="DEBUG">Remote response: status=200 | data={"value":null} | headers=HTTPHeaderDict({'Content-Length': '14', 'Content-Type': 'application/json; charset=utf-8', 'cache-control': 'no-cache'})</msg>
<msg time="2025-03-03T13:56:46.117367" level="DEBUG">Finished Request</msg>
<msg time="2025-03-03T13:56:46.117441" level="DEBUG">POST http://localhost:63134/session/61a6f6433ef6ef8eca92135fac5bd8ad/timeouts {'pageLoad': 300000}</msg>
<msg time="2025-03-03T13:56:46.118609" level="DEBUG">http://localhost:63134 "POST /session/61a6f6433ef6ef8eca92135fac5bd8ad/timeouts HTTP/1.1" 200 0</msg>
<msg time="2025-03-03T13:56:46.118734" level="DEBUG">Remote response: status=200 | data={"value":null} | headers=HTTPHeaderDict({'Content-Length': '14', 'Content-Type': 'application/json; charset=utf-8', 'cache-control': 'no-cache'})</msg>
<msg time="2025-03-03T13:56:46.118813" level="DEBUG">Finished Request</msg>
<msg time="2025-03-03T13:56:46.118925" level="DEBUG">POST http://localhost:63134/session/61a6f6433ef6ef8eca92135fac5bd8ad/url {'url': 'https://www.automationexercise.com/'}</msg>
<msg time="2025-03-03T13:56:48.858508" level="DEBUG">http://localhost:63134 "POST /session/61a6f6433ef6ef8eca92135fac5bd8ad/url HTTP/1.1" 200 0</msg>
<msg time="2025-03-03T13:56:48.858792" level="DEBUG">Remote response: status=200 | data={"value":null} | headers=HTTPHeaderDict({'Content-Length': '14', 'Content-Type': 'application/json; charset=utf-8', 'cache-control': 'no-cache'})</msg>
<msg time="2025-03-03T13:56:48.858954" level="DEBUG">Finished Request</msg>
<msg time="2025-03-03T13:56:48.859032" level="DEBUG">Opened browser with session id 61a6f6433ef6ef8eca92135fac5bd8ad.</msg>
<msg time="2025-03-03T13:56:48.859123" level="TRACE">Return: 1</msg>
<arg>${url}</arg>
<arg>${browser}</arg>
<doc>Opens a new browser instance to the optional ``url``.</doc>
<status status="PASS" start="2025-03-03T13:56:44.045404" elapsed="4.813822"/>
</kw>
<msg time="2025-03-03T13:56:48.859474" level="TRACE">Return: None</msg>
<arg>${URL}</arg>
<status status="PASS" start="2025-03-03T13:56:44.044148" elapsed="4.815386"/>
</kw>
<msg time="2025-03-03T13:56:48.859632" level="TRACE">Return: None</msg>
<status status="PASS" start="2025-03-03T13:56:44.043338" elapsed="4.816342"/>
</kw>
<kw name="Navigate To Login Page" owner="HomePage">
<msg time="2025-03-03T13:56:48.860560" level="TRACE">Arguments: [  ]</msg>
<kw name="Wait And Click" owner="keywords">
<msg time="2025-03-03T13:56:48.861036" level="TRACE">Arguments: [ ${locator}='//*[contains(text(), "Signup / Login")]' | ${timeout}='5s' ]</msg>
<kw name="Wait Until Element Is Visible" owner="SeleniumLibrary">
<msg time="2025-03-03T13:56:48.861911" level="TRACE">Arguments: [ '//*[contains(text(), "Signup / Login")]' | timeout=datetime.timedelta(seconds=5) ]</msg>
<msg time="2025-03-03T13:56:48.862395" level="DEBUG">POST http://localhost:63134/session/61a6f6433ef6ef8eca92135fac5bd8ad/elements {'using': 'xpath', 'value': '//*[contains(text(), "Signup / Login")]'}</msg>
<msg time="2025-03-03T13:56:48.917659" level="DEBUG">http://localhost:63134 "POST /session/61a6f6433ef6ef8eca92135fac5bd8ad/elements HTTP/1.1" 200 0</msg>
<msg time="2025-03-03T13:56:48.917863" level="DEBUG">Remote response: status=200 | data={"value":[{"element-6066-11e4-a52e-4f735466cecf":"f.9267928C88190BB3D1D484382F43A973.d.AD836B46A51A0816B7A4D3918E0A52FF.e.18"}]} | headers=HTTPHeaderDict({'Content-Length': '128', 'Content-Type': 'application/json; charset=utf-8', 'cache-control': 'no-cache'})</msg>
<msg time="2025-03-03T13:56:48.918407" level="DEBUG">Finished Request</msg>
<msg time="2025-03-03T13:56:48.921008" level="DEBUG">POST http://localhost:63134/session/61a6f6433ef6ef8eca92135fac5bd8ad/execute/sync {'script': '/* isDisplayed */return (function(){return (function(){var g=this||self;\nfunction aa(a){var b=typeof...', 'args': [{'element-6066-11e4-a52e-4f735466cecf': 'f.9267928C88190BB3D1D484382F43A973.d.AD836B46A51A0816B7A4D3918E0A52FF.e.18'}]}</msg>
<msg time="2025-03-03T13:56:48.935973" level="DEBUG">http://localhost:63134 "POST /session/61a6f6433ef6ef8eca92135fac5bd8ad/execute/sync HTTP/1.1" 200 0</msg>
<msg time="2025-03-03T13:56:48.936239" level="DEBUG">Remote response: status=200 | data={"value":true} | headers=HTTPHeaderDict({'Content-Length': '14', 'Content-Type': 'application/json; charset=utf-8', 'cache-control': 'no-cache'})</msg>
<msg time="2025-03-03T13:56:48.936373" level="DEBUG">Finished Request</msg>
<msg time="2025-03-03T13:56:48.936494" level="TRACE">Return: None</msg>
<arg>${locator}</arg>
<arg>timeout=${timeout}</arg>
<doc>Waits until the element ``locator`` is visible.</doc>
<status status="PASS" start="2025-03-03T13:56:48.861290" elapsed="0.075287"/>
</kw>
<kw name="Click Element" owner="SeleniumLibrary">
<msg time="2025-03-03T13:56:48.937362" level="TRACE">Arguments: [ '//*[contains(text(), "Signup / Login")]' ]</msg>
<msg time="2025-03-03T13:56:48.937590" level="INFO">Clicking element '//*[contains(text(), "Signup / Login")]'.</msg>
<msg time="2025-03-03T13:56:48.937827" level="DEBUG">POST http://localhost:63134/session/61a6f6433ef6ef8eca92135fac5bd8ad/elements {'using': 'xpath', 'value': '//*[contains(text(), "Signup / Login")]'}</msg>
<msg time="2025-03-03T13:56:48.964551" level="DEBUG">http://localhost:63134 "POST /session/61a6f6433ef6ef8eca92135fac5bd8ad/elements HTTP/1.1" 200 0</msg>
<msg time="2025-03-03T13:56:48.964740" level="DEBUG">Remote response: status=200 | data={"value":[{"element-6066-11e4-a52e-4f735466cecf":"f.9267928C88190BB3D1D484382F43A973.d.AD836B46A51A0816B7A4D3918E0A52FF.e.18"}]} | headers=HTTPHeaderDict({'Content-Length': '128', 'Content-Type': 'application/json; charset=utf-8', 'cache-control': 'no-cache'})</msg>
<msg time="2025-03-03T13:56:48.964837" level="DEBUG">Finished Request</msg>
<msg time="2025-03-03T13:56:48.964986" level="DEBUG">POST http://localhost:63134/session/61a6f6433ef6ef8eca92135fac5bd8ad/element/f.9267928C88190BB3D1D484382F43A973.d.AD836B46A51A0816B7A4D3918E0A52FF.e.18/click {}</msg>
<msg time="2025-03-03T13:56:52.108432" level="DEBUG">http://localhost:63134 "POST /session/61a6f6433ef6ef8eca92135fac5bd8ad/element/f.9267928C88190BB3D1D484382F43A973.d.AD836B46A51A0816B7A4D3918E0A52FF.e.18/click HTTP/1.1" 200 0</msg>
<msg time="2025-03-03T13:56:52.108677" level="DEBUG">Remote response: status=200 | data={"value":null} | headers=HTTPHeaderDict({'Content-Length': '14', 'Content-Type': 'application/json; charset=utf-8', 'cache-control': 'no-cache'})</msg>
<msg time="2025-03-03T13:56:52.108779" level="DEBUG">Finished Request</msg>
<msg time="2025-03-03T13:56:52.108899" level="TRACE">Return: None</msg>
<arg>${locator}</arg>
<doc>Click the element identified by ``locator``.</doc>
<status status="PASS" start="2025-03-03T13:56:48.936956" elapsed="3.172013"/>
</kw>
<msg time="2025-03-03T13:56:52.109143" level="TRACE">Return: None</msg>
<arg>${Login_btn}</arg>
<arg>5s</arg>
<status status="PASS" start="2025-03-03T13:56:48.860758" elapsed="3.248431"/>
</kw>
<msg time="2025-03-03T13:56:52.109264" level="TRACE">Return: None</msg>
<status status="PASS" start="2025-03-03T13:56:48.860267" elapsed="3.249037"/>
</kw>
<kw name="Enter valid credentials" owner="LoginPage">
<msg time="2025-03-03T13:56:52.110195" level="TRACE">Arguments: [  ]</msg>
<kw name="Wait And Input Text" owner="keywords">
<msg time="2025-03-03T13:56:52.110651" level="TRACE">Arguments: [ ${locator}='//input[@data-qa="login-email"]' | ${text}='john.doe@automation.com' | ${timeout}='10s' ]</msg>
<kw name="Wait Until Element Is Visible" owner="SeleniumLibrary">
<msg time="2025-03-03T13:56:52.111206" level="TRACE">Arguments: [ '//input[@data-qa="login-email"]' | timeout=datetime.timedelta(seconds=10) ]</msg>
<msg time="2025-03-03T13:56:52.111516" level="DEBUG">POST http://localhost:63134/session/61a6f6433ef6ef8eca92135fac5bd8ad/elements {'using': 'xpath', 'value': '//input[@data-qa="login-email"]'}</msg>
<msg time="2025-03-03T13:56:52.128757" level="DEBUG">http://localhost:63134 "POST /session/61a6f6433ef6ef8eca92135fac5bd8ad/elements HTTP/1.1" 200 0</msg>
<msg time="2025-03-03T13:56:52.128945" level="DEBUG">Remote response: status=200 | data={"value":[{"element-6066-11e4-a52e-4f735466cecf":"f.9267928C88190BB3D1D484382F43A973.d.9CB42AD28F24D7F70A708E76A4E2F8FB.e.41"}]} | headers=HTTPHeaderDict({'Content-Length': '128', 'Content-Type': 'application/json; charset=utf-8', 'cache-control': 'no-cache'})</msg>
<msg time="2025-03-03T13:56:52.129079" level="DEBUG">Finished Request</msg>
<msg time="2025-03-03T13:56:52.129293" level="DEBUG">POST http://localhost:63134/session/61a6f6433ef6ef8eca92135fac5bd8ad/execute/sync {'script': '/* isDisplayed */return (function(){return (function(){var g=this||self;\nfunction aa(a){var b=typeof...', 'args': [{'element-6066-11e4-a52e-4f735466cecf': 'f.9267928C88190BB3D1D484382F43A973.d.9CB42AD28F24D7F70A708E76A4E2F8FB.e.41'}]}</msg>
<msg time="2025-03-03T13:56:52.146374" level="DEBUG">http://localhost:63134 "POST /session/61a6f6433ef6ef8eca92135fac5bd8ad/execute/sync HTTP/1.1" 200 0</msg>
<msg time="2025-03-03T13:56:52.146549" level="DEBUG">Remote response: status=200 | data={"value":true} | headers=HTTPHeaderDict({'Content-Length': '14', 'Content-Type': 'application/json; charset=utf-8', 'cache-control': 'no-cache'})</msg>
<msg time="2025-03-03T13:56:52.146633" level="DEBUG">Finished Request</msg>
<msg time="2025-03-03T13:56:52.146717" level="TRACE">Return: None</msg>
<arg>${locator}</arg>
<arg>timeout=${timeout}</arg>
<doc>Waits until the element ``locator`` is visible.</doc>
<status status="PASS" start="2025-03-03T13:56:52.110884" elapsed="0.035889"/>
</kw>
<kw name="Input Text" owner="SeleniumLibrary">
<msg time="2025-03-03T13:56:52.147366" level="TRACE">Arguments: [ '//input[@data-qa="login-email"]' | 'john.doe@automation.com' ]</msg>
<msg time="2025-03-03T13:56:52.147490" level="INFO">Typing text 'john.doe@automation.com' into text field '//input[@data-qa="login-email"]'.</msg>
<msg time="2025-03-03T13:56:52.147651" level="DEBUG">POST http://localhost:63134/session/61a6f6433ef6ef8eca92135fac5bd8ad/elements {'using': 'xpath', 'value': '//input[@data-qa="login-email"]'}</msg>
<msg time="2025-03-03T13:56:52.161815" level="DEBUG">http://localhost:63134 "POST /session/61a6f6433ef6ef8eca92135fac5bd8ad/elements HTTP/1.1" 200 0</msg>
<msg time="2025-03-03T13:56:52.161977" level="DEBUG">Remote response: status=200 | data={"value":[{"element-6066-11e4-a52e-4f735466cecf":"f.9267928C88190BB3D1D484382F43A973.d.9CB42AD28F24D7F70A708E76A4E2F8FB.e.41"}]} | headers=HTTPHeaderDict({'Content-Length': '128', 'Content-Type': 'application/json; charset=utf-8', 'cache-control': 'no-cache'})</msg>
<msg time="2025-03-03T13:56:52.162061" level="DEBUG">Finished Request</msg>
<msg time="2025-03-03T13:56:52.162177" level="DEBUG">POST http://localhost:63134/session/61a6f6433ef6ef8eca92135fac5bd8ad/element/f.9267928C88190BB3D1D484382F43A973.d.9CB42AD28F24D7F70A708E76A4E2F8FB.e.41/clear {}</msg>
<msg time="2025-03-03T13:56:52.351422" level="DEBUG">http://localhost:63134 "POST /session/61a6f6433ef6ef8eca92135fac5bd8ad/element/f.9267928C88190BB3D1D484382F43A973.d.9CB42AD28F24D7F70A708E76A4E2F8FB.e.41/clear HTTP/1.1" 200 0</msg>
<msg time="2025-03-03T13:56:52.351676" level="DEBUG">Remote response: status=200 | data={"value":null} | headers=HTTPHeaderDict({'Content-Length': '14', 'Content-Type': 'application/json; charset=utf-8', 'cache-control': 'no-cache'})</msg>
<msg time="2025-03-03T13:56:52.351833" level="DEBUG">Finished Request</msg>
<msg time="2025-03-03T13:56:52.352099" level="DEBUG">POST http://localhost:63134/session/61a6f6433ef6ef8eca92135fac5bd8ad/element/f.9267928C88190BB3D1D484382F43A973.d.9CB42AD28F24D7F70A708E76A4E2F8FB.e.41/value {'text': 'john.doe@automation.com', 'value': ['j', 'o', 'h', 'n', '.', 'd', 'o', 'e', '@', 'a', 'u', 't', 'o', 'm', 'a', 't', 'i', 'o', 'n', '.', 'c', 'o', 'm']}</msg>
<msg time="2025-03-03T13:56:52.540762" level="DEBUG">http://localhost:63134 "POST /session/61a6f6433ef6ef8eca92135fac5bd8ad/element/f.9267928C88190BB3D1D484382F43A973.d.9CB42AD28F24D7F70A708E76A4E2F8FB.e.41/value HTTP/1.1" 200 0</msg>
<msg time="2025-03-03T13:56:52.540969" level="DEBUG">Remote response: status=200 | data={"value":null} | headers=HTTPHeaderDict({'Content-Length': '14', 'Content-Type': 'application/json; charset=utf-8', 'cache-control': 'no-cache'})</msg>
<msg time="2025-03-03T13:56:52.541055" level="DEBUG">Finished Request</msg>
<msg time="2025-03-03T13:56:52.541127" level="TRACE">Return: None</msg>
<arg>${locator}</arg>
<arg>${text}</arg>
<doc>Types the given ``text`` into the text field identified by ``locator``.</doc>
<status status="PASS" start="2025-03-03T13:56:52.147086" elapsed="0.394101"/>
</kw>
<msg time="2025-03-03T13:56:52.541310" level="TRACE">Return: None</msg>
<arg>${email_login}</arg>
<arg>${valid_email}</arg>
<status status="PASS" start="2025-03-03T13:56:52.110378" elapsed="0.430969"/>
</kw>
<kw name="Wait And Input Text" owner="keywords">
<msg time="2025-03-03T13:56:52.541889" level="TRACE">Arguments: [ ${locator}='//input[@data-qa="login-password"]' | ${text}='SecurePassword123' | ${timeout}='10s' ]</msg>
<kw name="Wait Until Element Is Visible" owner="SeleniumLibrary">
<msg time="2025-03-03T13:56:52.542373" level="TRACE">Arguments: [ '//input[@data-qa="login-password"]' | timeout=datetime.timedelta(seconds=10) ]</msg>
<msg time="2025-03-03T13:56:52.542593" level="DEBUG">POST http://localhost:63134/session/61a6f6433ef6ef8eca92135fac5bd8ad/elements {'using': 'xpath', 'value': '//input[@data-qa="login-password"]'}</msg>
<msg time="2025-03-03T13:56:52.570229" level="DEBUG">http://localhost:63134 "POST /session/61a6f6433ef6ef8eca92135fac5bd8ad/elements HTTP/1.1" 200 0</msg>
<msg time="2025-03-03T13:56:52.570449" level="DEBUG">Remote response: status=200 | data={"value":[{"element-6066-11e4-a52e-4f735466cecf":"f.9267928C88190BB3D1D484382F43A973.d.9CB42AD28F24D7F70A708E76A4E2F8FB.e.43"}]} | headers=HTTPHeaderDict({'Content-Length': '128', 'Content-Type': 'application/json; charset=utf-8', 'cache-control': 'no-cache'})</msg>
<msg time="2025-03-03T13:56:52.570741" level="DEBUG">Finished Request</msg>
<msg time="2025-03-03T13:56:52.571026" level="DEBUG">POST http://localhost:63134/session/61a6f6433ef6ef8eca92135fac5bd8ad/execute/sync {'script': '/* isDisplayed */return (function(){return (function(){var g=this||self;\nfunction aa(a){var b=typeof...', 'args': [{'element-6066-11e4-a52e-4f735466cecf': 'f.9267928C88190BB3D1D484382F43A973.d.9CB42AD28F24D7F70A708E76A4E2F8FB.e.43'}]}</msg>
<msg time="2025-03-03T13:56:52.585932" level="DEBUG">http://localhost:63134 "POST /session/61a6f6433ef6ef8eca92135fac5bd8ad/execute/sync HTTP/1.1" 200 0</msg>
<msg time="2025-03-03T13:56:52.586124" level="DEBUG">Remote response: status=200 | data={"value":true} | headers=HTTPHeaderDict({'Content-Length': '14', 'Content-Type': 'application/json; charset=utf-8', 'cache-control': 'no-cache'})</msg>
<msg time="2025-03-03T13:56:52.586219" level="DEBUG">Finished Request</msg>
<msg time="2025-03-03T13:56:52.586308" level="TRACE">Return: None</msg>
<arg>${locator}</arg>
<arg>timeout=${timeout}</arg>
<doc>Waits until the element ``locator`` is visible.</doc>
<status status="PASS" start="2025-03-03T13:56:52.542118" elapsed="0.044256"/>
</kw>
<kw name="Input Text" owner="SeleniumLibrary">
<msg time="2025-03-03T13:56:52.587017" level="TRACE">Arguments: [ '//input[@data-qa="login-password"]' | 'SecurePassword123' ]</msg>
<msg time="2025-03-03T13:56:52.587157" level="INFO">Typing text 'SecurePassword123' into text field '//input[@data-qa="login-password"]'.</msg>
<msg time="2025-03-03T13:56:52.587351" level="DEBUG">POST http://localhost:63134/session/61a6f6433ef6ef8eca92135fac5bd8ad/elements {'using': 'xpath', 'value': '//input[@data-qa="login-password"]'}</msg>
<msg time="2025-03-03T13:56:52.599182" level="DEBUG">http://localhost:63134 "POST /session/61a6f6433ef6ef8eca92135fac5bd8ad/elements HTTP/1.1" 200 0</msg>
<msg time="2025-03-03T13:56:52.599433" level="DEBUG">Remote response: status=200 | data={"value":[{"element-6066-11e4-a52e-4f735466cecf":"f.9267928C88190BB3D1D484382F43A973.d.9CB42AD28F24D7F70A708E76A4E2F8FB.e.43"}]} | headers=HTTPHeaderDict({'Content-Length': '128', 'Content-Type': 'application/json; charset=utf-8', 'cache-control': 'no-cache'})</msg>
<msg time="2025-03-03T13:56:52.599536" level="DEBUG">Finished Request</msg>
<msg time="2025-03-03T13:56:52.599700" level="DEBUG">POST http://localhost:63134/session/61a6f6433ef6ef8eca92135fac5bd8ad/element/f.9267928C88190BB3D1D484382F43A973.d.9CB42AD28F24D7F70A708E76A4E2F8FB.e.43/clear {}</msg>
<msg time="2025-03-03T13:56:52.663035" level="DEBUG">http://localhost:63134 "POST /session/61a6f6433ef6ef8eca92135fac5bd8ad/element/f.9267928C88190BB3D1D484382F43A973.d.9CB42AD28F24D7F70A708E76A4E2F8FB.e.43/clear HTTP/1.1" 200 0</msg>
<msg time="2025-03-03T13:56:52.663216" level="DEBUG">Remote response: status=200 | data={"value":null} | headers=HTTPHeaderDict({'Content-Length': '14', 'Content-Type': 'application/json; charset=utf-8', 'cache-control': 'no-cache'})</msg>
<msg time="2025-03-03T13:56:52.663305" level="DEBUG">Finished Request</msg>
<msg time="2025-03-03T13:56:52.663462" level="DEBUG">POST http://localhost:63134/session/61a6f6433ef6ef8eca92135fac5bd8ad/element/f.9267928C88190BB3D1D484382F43A973.d.9CB42AD28F24D7F70A708E76A4E2F8FB.e.43/value {'text': 'SecurePassword123', 'value': ['S', 'e', 'c', 'u', 'r', 'e', 'P', 'a', 's', 's', 'w', 'o', 'r', 'd', '1', '2', '3']}</msg>
<msg time="2025-03-03T13:56:52.794823" level="DEBUG">http://localhost:63134 "POST /session/61a6f6433ef6ef8eca92135fac5bd8ad/element/f.9267928C88190BB3D1D484382F43A973.d.9CB42AD28F24D7F70A708E76A4E2F8FB.e.43/value HTTP/1.1" 200 0</msg>
<msg time="2025-03-03T13:56:52.795052" level="DEBUG">Remote response: status=200 | data={"value":null} | headers=HTTPHeaderDict({'Content-Length': '14', 'Content-Type': 'application/json; charset=utf-8', 'cache-control': 'no-cache'})</msg>
<msg time="2025-03-03T13:56:52.795177" level="DEBUG">Finished Request</msg>
<msg time="2025-03-03T13:56:52.795277" level="TRACE">Return: None</msg>
<arg>${locator}</arg>
<arg>${text}</arg>
<doc>Types the given ``text`` into the text field identified by ``locator``.</doc>
<status status="PASS" start="2025-03-03T13:56:52.586725" elapsed="0.208631"/>
</kw>
<msg time="2025-03-03T13:56:52.795551" level="TRACE">Return: None</msg>
<arg>${password_login}</arg>
<arg>${valid_password}</arg>
<status status="PASS" start="2025-03-03T13:56:52.541579" elapsed="0.254038"/>
</kw>
<kw name="Wait And Click" owner="keywords">
<msg time="2025-03-03T13:56:52.796474" level="TRACE">Arguments: [ ${locator}='//button[@data-qa="login-button"]' | ${timeout}='10s' ]</msg>
<kw name="Wait Until Element Is Visible" owner="SeleniumLibrary">
<msg time="2025-03-03T13:56:52.797209" level="TRACE">Arguments: [ '//button[@data-qa="login-button"]' | timeout=datetime.timedelta(seconds=10) ]</msg>
<msg time="2025-03-03T13:56:52.797590" level="DEBUG">POST http://localhost:63134/session/61a6f6433ef6ef8eca92135fac5bd8ad/elements {'using': 'xpath', 'value': '//button[@data-qa="login-button"]'}</msg>
<msg time="2025-03-03T13:56:52.814309" level="DEBUG">http://localhost:63134 "POST /session/61a6f6433ef6ef8eca92135fac5bd8ad/elements HTTP/1.1" 200 0</msg>
<msg time="2025-03-03T13:56:52.814521" level="DEBUG">Remote response: status=200 | data={"value":[{"element-6066-11e4-a52e-4f735466cecf":"f.9267928C88190BB3D1D484382F43A973.d.9CB42AD28F24D7F70A708E76A4E2F8FB.e.50"}]} | headers=HTTPHeaderDict({'Content-Length': '128', 'Content-Type': 'application/json; charset=utf-8', 'cache-control': 'no-cache'})</msg>
<msg time="2025-03-03T13:56:52.814621" level="DEBUG">Finished Request</msg>
<msg time="2025-03-03T13:56:52.814874" level="DEBUG">POST http://localhost:63134/session/61a6f6433ef6ef8eca92135fac5bd8ad/execute/sync {'script': '/* isDisplayed */return (function(){return (function(){var g=this||self;\nfunction aa(a){var b=typeof...', 'args': [{'element-6066-11e4-a52e-4f735466cecf': 'f.9267928C88190BB3D1D484382F43A973.d.9CB42AD28F24D7F70A708E76A4E2F8FB.e.50'}]}</msg>
<msg time="2025-03-03T13:56:52.826859" level="DEBUG">http://localhost:63134 "POST /session/61a6f6433ef6ef8eca92135fac5bd8ad/execute/sync HTTP/1.1" 200 0</msg>
<msg time="2025-03-03T13:56:52.827032" level="DEBUG">Remote response: status=200 | data={"value":true} | headers=HTTPHeaderDict({'Content-Length': '14', 'Content-Type': 'application/json; charset=utf-8', 'cache-control': 'no-cache'})</msg>
<msg time="2025-03-03T13:56:52.827129" level="DEBUG">Finished Request</msg>
<msg time="2025-03-03T13:56:52.827209" level="TRACE">Return: None</msg>
<arg>${locator}</arg>
<arg>timeout=${timeout}</arg>
<doc>Waits until the element ``locator`` is visible.</doc>
<status status="PASS" start="2025-03-03T13:56:52.796805" elapsed="0.030468"/>
</kw>
<kw name="Click Element" owner="SeleniumLibrary">
<msg time="2025-03-03T13:56:52.827746" level="TRACE">Arguments: [ '//button[@data-qa="login-button"]' ]</msg>
<msg time="2025-03-03T13:56:52.827842" level="INFO">Clicking element '//button[@data-qa="login-button"]'.</msg>
<msg time="2025-03-03T13:56:52.828032" level="DEBUG">POST http://localhost:63134/session/61a6f6433ef6ef8eca92135fac5bd8ad/elements {'using': 'xpath', 'value': '//button[@data-qa="login-button"]'}</msg>
<msg time="2025-03-03T13:56:52.841932" level="DEBUG">http://localhost:63134 "POST /session/61a6f6433ef6ef8eca92135fac5bd8ad/elements HTTP/1.1" 200 0</msg>
<msg time="2025-03-03T13:56:52.842102" level="DEBUG">Remote response: status=200 | data={"value":[{"element-6066-11e4-a52e-4f735466cecf":"f.9267928C88190BB3D1D484382F43A973.d.9CB42AD28F24D7F70A708E76A4E2F8FB.e.50"}]} | headers=HTTPHeaderDict({'Content-Length': '128', 'Content-Type': 'application/json; charset=utf-8', 'cache-control': 'no-cache'})</msg>
<msg time="2025-03-03T13:56:52.842190" level="DEBUG">Finished Request</msg>
<msg time="2025-03-03T13:56:52.842320" level="DEBUG">POST http://localhost:63134/session/61a6f6433ef6ef8eca92135fac5bd8ad/element/f.9267928C88190BB3D1D484382F43A973.d.9CB42AD28F24D7F70A708E76A4E2F8FB.e.50/click {}</msg>
<msg time="2025-03-03T13:56:55.627138" level="DEBUG">http://localhost:63134 "POST /session/61a6f6433ef6ef8eca92135fac5bd8ad/element/f.9267928C88190BB3D1D484382F43A973.d.9CB42AD28F24D7F70A708E76A4E2F8FB.e.50/click HTTP/1.1" 200 0</msg>
<msg time="2025-03-03T13:56:55.627368" level="DEBUG">Remote response: status=200 | data={"value":null} | headers=HTTPHeaderDict({'Content-Length': '14', 'Content-Type': 'application/json; charset=utf-8', 'cache-control': 'no-cache'})</msg>
<msg time="2025-03-03T13:56:55.627472" level="DEBUG">Finished Request</msg>
<msg time="2025-03-03T13:56:55.627564" level="TRACE">Return: None</msg>
<arg>${locator}</arg>
<doc>Click the element identified by ``locator``.</doc>
<status status="PASS" start="2025-03-03T13:56:52.827505" elapsed="2.800133"/>
</kw>
<msg time="2025-03-03T13:56:55.627762" level="TRACE">Return: None</msg>
<arg>${login-button}</arg>
<status status="PASS" start="2025-03-03T13:56:52.796045" elapsed="2.831762"/>
</kw>
<msg time="2025-03-03T13:56:55.627873" level="TRACE">Return: None</msg>
<status status="PASS" start="2025-03-03T13:56:52.109924" elapsed="3.517989"/>
</kw>
<kw name="Verify login success" owner="LoginPage">
<msg time="2025-03-03T13:56:55.628729" level="TRACE">Arguments: [  ]</msg>
<kw name="Wait Until Page Contains Element" owner="SeleniumLibrary">
<msg time="2025-03-03T13:56:55.629061" level="TRACE">Arguments: [ '//a[@href="/logout"]' ]</msg>
<msg time="2025-03-03T13:56:55.629270" level="DEBUG">POST http://localhost:63134/session/61a6f6433ef6ef8eca92135fac5bd8ad/elements {'using': 'xpath', 'value': '//a[@href="/logout"]'}</msg>
<msg time="2025-03-03T13:56:55.649854" level="DEBUG">http://localhost:63134 "POST /session/61a6f6433ef6ef8eca92135fac5bd8ad/elements HTTP/1.1" 200 0</msg>
<msg time="2025-03-03T13:56:55.650053" level="DEBUG">Remote response: status=200 | data={"value":[{"element-6066-11e4-a52e-4f735466cecf":"f.9267928C88190BB3D1D484382F43A973.d.C8C6350BAA20B4A436E06A115C3AAEDD.e.85"}]} | headers=HTTPHeaderDict({'Content-Length': '128', 'Content-Type': 'application/json; charset=utf-8', 'cache-control': 'no-cache'})</msg>
<msg time="2025-03-03T13:56:55.650179" level="DEBUG">Finished Request</msg>
<msg time="2025-03-03T13:56:55.650271" level="TRACE">Return: None</msg>
<arg>${logout_btn}</arg>
<doc>Waits until the element ``locator`` appears on the current page.</doc>
<status status="PASS" start="2025-03-03T13:56:55.628882" elapsed="0.021456"/>
</kw>
<msg time="2025-03-03T13:56:55.650460" level="TRACE">Return: None</msg>
<status status="PASS" start="2025-03-03T13:56:55.628513" elapsed="0.021991"/>
</kw>
<status status="PASS" start="2025-03-03T13:56:44.042513" elapsed="11.608661"/>
</test>
<test id="s1-s1-t2" name="TC02 Login Test with DDT" line="18">
<kw name="Open Website Homepage" owner="HomePage">
<msg time="2025-03-03T13:56:55.656047" level="TRACE">Arguments: [  ]</msg>
<kw name="Open Browser And Maximize" owner="keywords">
<msg time="2025-03-03T13:56:55.656530" level="TRACE">Arguments: [ ${url}='https://www.automationexercise.com/' | ${browser}='Chrome' ]</msg>
<kw name="Open Browser" owner="SeleniumLibrary">
<msg time="2025-03-03T13:56:55.657016" level="TRACE">Arguments: [ 'https://www.automationexercise.com/' | 'Chrome' ]</msg>
<msg time="2025-03-03T13:56:55.657204" level="INFO">Opening browser 'Chrome' to base url 'https://www.automationexercise.com/'.</msg>
<msg time="2025-03-03T13:56:55.658709" level="DEBUG">Selenium Manager binary found at: C:\Users\Leena\PycharmProjects\AlmosaferRobotframeWork\.venv\Lib\site-packages\selenium\webdriver\common\windows\selenium-manager.exe</msg>
<msg time="2025-03-03T13:56:55.658845" level="DEBUG">Executing process: C:\Users\Leena\PycharmProjects\AlmosaferRobotframeWork\.venv\Lib\site-packages\selenium\webdriver\common\windows\selenium-manager.exe --browser chrome --language-binding python --output json</msg>
<msg time="2025-03-03T13:56:56.219553" level="DEBUG">Driver path: C:\Users\Leena\.cache\selenium\chromedriver\win64\133.0.6943.141\chromedriver.exe</msg>
<msg time="2025-03-03T13:56:56.220004" level="DEBUG">Browser path: C:\Program Files\Google\Chrome\Application\chrome.exe</msg>
<msg time="2025-03-03T13:56:56.227178" level="DEBUG">Started executable: `C:\Users\Leena\.cache\selenium\chromedriver\win64\133.0.6943.141\chromedriver.exe` in a child process with pid: 18664 using 0 to output -3</msg>
<msg time="2025-03-03T13:56:56.744505" level="DEBUG">POST http://localhost:63198/session {'capabilities': {'firstMatch': [{}], 'alwaysMatch': {'browserName': 'chrome', 'pageLoadStrategy': &lt;PageLoadStrategy.normal: 'normal'&gt;, 'browserVersion': None, 'goog:chromeOptions': {'extensions': [], 'binary': 'C:\\Program Files\\Google\\Chrome\\Application\\chrome.exe', 'args': []}}}}</msg>
<msg time="2025-03-03T13:56:56.744961" level="DEBUG">Starting new HTTP connection (1): localhost:63198</msg>
<msg time="2025-03-03T13:56:57.394954" level="DEBUG">http://localhost:63198 "POST /session HTTP/1.1" 200 0</msg>
<msg time="2025-03-03T13:56:57.395147" level="DEBUG">Remote response: status=200 | data={"value":{"capabilities":{"acceptInsecureCerts":false,"browserName":"chrome","browserVersion":"133.0.6943.142","chrome":{"chromedriverVersion":"133.0.6943.141 (2a5d6da0d6165d7b107502095a937fe7704fcef6-refs/branch-heads/6943@{#1912})","userDataDir":"C:\\Users\\Leena\\AppData\\Local\\Temp\\scoped_dir18664_1751636113"},"fedcm:accounts":true,"goog:chromeOptions":{"debuggerAddress":"localhost:63202"},"networkConnectionEnabled":false,"pageLoadStrategy":"normal","platformName":"windows","proxy":{},"setWindowRect":true,"strictFileInteractability":false,"timeouts":{"implicit":0,"pageLoad":300000,"script":30000},"unhandledPromptBehavior":"dismiss and notify","webauthn:extension:credBlob":true,"webauthn:extension:largeBlob":true,"webauthn:extension:minPinLength":true,"webauthn:extension:prf":true,"webauthn:virtualAuthenticators":true},"sessionId":"bfc97b9d8d4cf26dbca5d93c97b64061"}} | headers=HTTPHeaderDict({'Content-Length': '884', 'Content-Type': 'application/json; charset=utf-8', 'cache-control': 'no-cache'})</msg>
<msg time="2025-03-03T13:56:57.395403" level="DEBUG">Finished Request</msg>
<msg time="2025-03-03T13:56:57.395581" level="DEBUG">POST http://localhost:63198/session/bfc97b9d8d4cf26dbca5d93c97b64061/timeouts {'script': 5000}</msg>
<msg time="2025-03-03T13:56:57.396528" level="DEBUG">http://localhost:63198 "POST /session/bfc97b9d8d4cf26dbca5d93c97b64061/timeouts HTTP/1.1" 200 0</msg>
<msg time="2025-03-03T13:56:57.396658" level="DEBUG">Remote response: status=200 | data={"value":null} | headers=HTTPHeaderDict({'Content-Length': '14', 'Content-Type': 'application/json; charset=utf-8', 'cache-control': 'no-cache'})</msg>
<msg time="2025-03-03T13:56:57.396736" level="DEBUG">Finished Request</msg>
<msg time="2025-03-03T13:56:57.396848" level="DEBUG">POST http://localhost:63198/session/bfc97b9d8d4cf26dbca5d93c97b64061/timeouts {'implicit': 0}</msg>
<msg time="2025-03-03T13:56:57.397598" level="DEBUG">http://localhost:63198 "POST /session/bfc97b9d8d4cf26dbca5d93c97b64061/timeouts HTTP/1.1" 200 0</msg>
<msg time="2025-03-03T13:56:57.397706" level="DEBUG">Remote response: status=200 | data={"value":null} | headers=HTTPHeaderDict({'Content-Length': '14', 'Content-Type': 'application/json; charset=utf-8', 'cache-control': 'no-cache'})</msg>
<msg time="2025-03-03T13:56:57.397779" level="DEBUG">Finished Request</msg>
<msg time="2025-03-03T13:56:57.397880" level="DEBUG">POST http://localhost:63198/session/bfc97b9d8d4cf26dbca5d93c97b64061/timeouts {'pageLoad': 300000}</msg>
<msg time="2025-03-03T13:56:57.398595" level="DEBUG">http://localhost:63198 "POST /session/bfc97b9d8d4cf26dbca5d93c97b64061/timeouts HTTP/1.1" 200 0</msg>
<msg time="2025-03-03T13:56:57.398718" level="DEBUG">Remote response: status=200 | data={"value":null} | headers=HTTPHeaderDict({'Content-Length': '14', 'Content-Type': 'application/json; charset=utf-8', 'cache-control': 'no-cache'})</msg>
<msg time="2025-03-03T13:56:57.398790" level="DEBUG">Finished Request</msg>
<msg time="2025-03-03T13:56:57.398944" level="DEBUG">POST http://localhost:63198/session/bfc97b9d8d4cf26dbca5d93c97b64061/url {'url': 'https://www.automationexercise.com/'}</msg>
<msg time="2025-03-03T13:57:02.020321" level="DEBUG">http://localhost:63198 "POST /session/bfc97b9d8d4cf26dbca5d93c97b64061/url HTTP/1.1" 200 0</msg>
<msg time="2025-03-03T13:57:02.020614" level="DEBUG">Remote response: status=200 | data={"value":null} | headers=HTTPHeaderDict({'Content-Length': '14', 'Content-Type': 'application/json; charset=utf-8', 'cache-control': 'no-cache'})</msg>
<msg time="2025-03-03T13:57:02.020798" level="DEBUG">Finished Request</msg>
<msg time="2025-03-03T13:57:02.020930" level="DEBUG">Opened browser with session id bfc97b9d8d4cf26dbca5d93c97b64061.</msg>
<msg time="2025-03-03T13:57:02.021016" level="TRACE">Return: 2</msg>
<arg>${url}</arg>
<arg>${browser}</arg>
<doc>Opens a new browser instance to the optional ``url``.</doc>
<status status="PASS" start="2025-03-03T13:56:55.656813" elapsed="6.364275"/>
</kw>
<msg time="2025-03-03T13:57:02.021298" level="TRACE">Return: None</msg>
<arg>${URL}</arg>
<status status="PASS" start="2025-03-03T13:56:55.656271" elapsed="6.365078"/>
</kw>
<msg time="2025-03-03T13:57:02.021400" level="TRACE">Return: None</msg>
<status status="PASS" start="2025-03-03T13:56:55.655771" elapsed="6.365658"/>
</kw>
<kw name="Navigate To Login Page" owner="HomePage">
<msg time="2025-03-03T13:57:02.022353" level="TRACE">Arguments: [  ]</msg>
<kw name="Wait And Click" owner="keywords">
<msg time="2025-03-03T13:57:02.023005" level="TRACE">Arguments: [ ${locator}='//*[contains(text(), "Signup / Login")]' | ${timeout}='5s' ]</msg>
<kw name="Wait Until Element Is Visible" owner="SeleniumLibrary">
<msg time="2025-03-03T13:57:02.023788" level="TRACE">Arguments: [ '//*[contains(text(), "Signup / Login")]' | timeout=datetime.timedelta(seconds=5) ]</msg>
<msg time="2025-03-03T13:57:02.024190" level="DEBUG">POST http://localhost:63198/session/bfc97b9d8d4cf26dbca5d93c97b64061/elements {'using': 'xpath', 'value': '//*[contains(text(), "Signup / Login")]'}</msg>
<msg time="2025-03-03T13:57:02.038925" level="DEBUG">http://localhost:63198 "POST /session/bfc97b9d8d4cf26dbca5d93c97b64061/elements HTTP/1.1" 200 0</msg>
<msg time="2025-03-03T13:57:02.039147" level="DEBUG">Remote response: status=200 | data={"value":[{"element-6066-11e4-a52e-4f735466cecf":"f.CA30CEC292B96652A62D28D6DD19284C.d.73B390A8AFD0EF63EE59C1023E1819C8.e.16"}]} | headers=HTTPHeaderDict({'Content-Length': '128', 'Content-Type': 'application/json; charset=utf-8', 'cache-control': 'no-cache'})</msg>
<msg time="2025-03-03T13:57:02.039279" level="DEBUG">Finished Request</msg>
<msg time="2025-03-03T13:57:02.039563" level="DEBUG">POST http://localhost:63198/session/bfc97b9d8d4cf26dbca5d93c97b64061/execute/sync {'script': '/* isDisplayed */return (function(){return (function(){var g=this||self;\nfunction aa(a){var b=typeof...', 'args': [{'element-6066-11e4-a52e-4f735466cecf': 'f.CA30CEC292B96652A62D28D6DD19284C.d.73B390A8AFD0EF63EE59C1023E1819C8.e.16'}]}</msg>
<msg time="2025-03-03T13:57:02.052531" level="DEBUG">http://localhost:63198 "POST /session/bfc97b9d8d4cf26dbca5d93c97b64061/execute/sync HTTP/1.1" 200 0</msg>
<msg time="2025-03-03T13:57:02.052798" level="DEBUG">Remote response: status=200 | data={"value":true} | headers=HTTPHeaderDict({'Content-Length': '14', 'Content-Type': 'application/json; charset=utf-8', 'cache-control': 'no-cache'})</msg>
<msg time="2025-03-03T13:57:02.052971" level="DEBUG">Finished Request</msg>
<msg time="2025-03-03T13:57:02.053133" level="TRACE">Return: None</msg>
<arg>${locator}</arg>
<arg>timeout=${timeout}</arg>
<doc>Waits until the element ``locator`` is visible.</doc>
<status status="PASS" start="2025-03-03T13:57:02.023297" elapsed="0.029970"/>
</kw>
<kw name="Click Element" owner="SeleniumLibrary">
<msg time="2025-03-03T13:57:02.053856" level="TRACE">Arguments: [ '//*[contains(text(), "Signup / Login")]' ]</msg>
<msg time="2025-03-03T13:57:02.053987" level="INFO">Clicking element '//*[contains(text(), "Signup / Login")]'.</msg>
<msg time="2025-03-03T13:57:02.054160" level="DEBUG">POST http://localhost:63198/session/bfc97b9d8d4cf26dbca5d93c97b64061/elements {'using': 'xpath', 'value': '//*[contains(text(), "Signup / Login")]'}</msg>
<msg time="2025-03-03T13:57:02.064876" level="DEBUG">http://localhost:63198 "POST /session/bfc97b9d8d4cf26dbca5d93c97b64061/elements HTTP/1.1" 200 0</msg>
<msg time="2025-03-03T13:57:02.065170" level="DEBUG">Remote response: status=200 | data={"value":[{"element-6066-11e4-a52e-4f735466cecf":"f.CA30CEC292B96652A62D28D6DD19284C.d.73B390A8AFD0EF63EE59C1023E1819C8.e.16"}]} | headers=HTTPHeaderDict({'Content-Length': '128', 'Content-Type': 'application/json; charset=utf-8', 'cache-control': 'no-cache'})</msg>
<msg time="2025-03-03T13:57:02.065322" level="DEBUG">Finished Request</msg>
<msg time="2025-03-03T13:57:02.065491" level="DEBUG">POST http://localhost:63198/session/bfc97b9d8d4cf26dbca5d93c97b64061/element/f.CA30CEC292B96652A62D28D6DD19284C.d.73B390A8AFD0EF63EE59C1023E1819C8.e.16/click {}</msg>
<msg time="2025-03-03T13:57:04.802530" level="DEBUG">http://localhost:63198 "POST /session/bfc97b9d8d4cf26dbca5d93c97b64061/element/f.CA30CEC292B96652A62D28D6DD19284C.d.73B390A8AFD0EF63EE59C1023E1819C8.e.16/click HTTP/1.1" 200 0</msg>
<msg time="2025-03-03T13:57:04.802853" level="DEBUG">Remote response: status=200 | data={"value":null} | headers=HTTPHeaderDict({'Content-Length': '14', 'Content-Type': 'application/json; charset=utf-8', 'cache-control': 'no-cache'})</msg>
<msg time="2025-03-03T13:57:04.802947" level="DEBUG">Finished Request</msg>
<msg time="2025-03-03T13:57:04.803020" level="TRACE">Return: None</msg>
<arg>${locator}</arg>
<doc>Click the element identified by ``locator``.</doc>
<status status="PASS" start="2025-03-03T13:57:02.053577" elapsed="2.749495"/>
</kw>
<msg time="2025-03-03T13:57:04.803181" level="TRACE">Return: None</msg>
<arg>${Login_btn}</arg>
<arg>5s</arg>
<status status="PASS" start="2025-03-03T13:57:02.022663" elapsed="2.780551"/>
</kw>
<msg time="2025-03-03T13:57:04.803268" level="TRACE">Return: None</msg>
<status status="PASS" start="2025-03-03T13:57:02.022017" elapsed="2.781345"/>
</kw>
<kw name="Login With Multiple Users From CSV (DDT)" owner="LoginPage">
<msg time="2025-03-03T13:57:04.804291" level="TRACE">Arguments: [  ]</msg>
<kw name="Read Csv File To List" owner="CSVLibrary">
<msg time="2025-03-03T13:57:04.804627" level="TRACE">Arguments: [ 'TestData/UsersForLogin.csv' ]</msg>
<msg time="2025-03-03T13:57:04.805475" level="TRACE">Return: [['username', 'password'],
 ['john.doe@automa.com', 'WrongPass'],
 ['invalid.user2@automa.com', '12345'],
 ['john.doe@automation.com', 'SecurePassword123'],
 []]</msg>
<msg time="2025-03-03T13:57:04.805800" level="INFO">${data} = [['username', 'password'], ['john.doe@automa.com', 'WrongPass'], ['invalid.user2@automa.com', '12345'], ['john.doe@automation.com', 'SecurePassword123'], []]</msg>
<var>${data}</var>
<arg>${CSV_}</arg>
<doc>Read CSV file and return its content as a Python list of tuples.</doc>
<status status="PASS" start="2025-03-03T13:57:04.804484" elapsed="0.001358"/>
</kw>
<for flavor="IN">
<iter>
<kw name="Set Variable" owner="BuiltIn">
<msg time="2025-03-03T13:57:04.806988" level="TRACE">Arguments: [ 'username' | 'password' ]</msg>
<msg time="2025-03-03T13:57:04.807092" level="TRACE">Return: ['username', 'password']</msg>
<msg time="2025-03-03T13:57:04.807181" level="INFO">${username} = username</msg>
<msg time="2025-03-03T13:57:04.807219" level="INFO">${password} = password</msg>
<var>${username}</var>
<var>${password}</var>
<arg>${row}[0]</arg>
<arg>${row}[1]</arg>
<doc>Returns the given values which can then be assigned to a variables.</doc>
<status status="PASS" start="2025-03-03T13:57:04.806688" elapsed="0.000553"/>
</kw>
<kw name="Log" owner="BuiltIn">
<msg time="2025-03-03T13:57:04.807631" level="TRACE">Arguments: [ 'Logging in with username and password' ]</msg>
<msg time="2025-03-03T13:57:04.807728" level="INFO">Logging in with username and password</msg>
<msg time="2025-03-03T13:57:04.807777" level="TRACE">Return: None</msg>
<arg>Logging in with ${username} and ${password}</arg>
<doc>Logs the given message with the given level.</doc>
<status status="PASS" start="2025-03-03T13:57:04.807410" elapsed="0.000408"/>
</kw>
<kw name="Wait And Input Text" owner="keywords">
<msg time="2025-03-03T13:57:04.808431" level="TRACE">Arguments: [ ${locator}='//input[@data-qa="login-email"]' | ${text}='username' | ${timeout}='10s' ]</msg>
<kw name="Wait Until Element Is Visible" owner="SeleniumLibrary">
<msg time="2025-03-03T13:57:04.808949" level="TRACE">Arguments: [ '//input[@data-qa="login-email"]' | timeout=datetime.timedelta(seconds=10) ]</msg>
<msg time="2025-03-03T13:57:04.809435" level="DEBUG">POST http://localhost:63198/session/bfc97b9d8d4cf26dbca5d93c97b64061/elements {'using': 'xpath', 'value': '//input[@data-qa="login-email"]'}</msg>
<msg time="2025-03-03T13:57:04.826386" level="DEBUG">http://localhost:63198 "POST /session/bfc97b9d8d4cf26dbca5d93c97b64061/elements HTTP/1.1" 200 0</msg>
<msg time="2025-03-03T13:57:04.826541" level="DEBUG">Remote response: status=200 | data={"value":[{"element-6066-11e4-a52e-4f735466cecf":"f.CA30CEC292B96652A62D28D6DD19284C.d.ABD70BB6404C7CE07822CB2735A9F29E.e.43"}]} | headers=HTTPHeaderDict({'Content-Length': '128', 'Content-Type': 'application/json; charset=utf-8', 'cache-control': 'no-cache'})</msg>
<msg time="2025-03-03T13:57:04.826615" level="DEBUG">Finished Request</msg>
<msg time="2025-03-03T13:57:04.826838" level="DEBUG">POST http://localhost:63198/session/bfc97b9d8d4cf26dbca5d93c97b64061/execute/sync {'script': '/* isDisplayed */return (function(){return (function(){var g=this||self;\nfunction aa(a){var b=typeof...', 'args': [{'element-6066-11e4-a52e-4f735466cecf': 'f.CA30CEC292B96652A62D28D6DD19284C.d.ABD70BB6404C7CE07822CB2735A9F29E.e.43'}]}</msg>
<msg time="2025-03-03T13:57:04.840255" level="DEBUG">http://localhost:63198 "POST /session/bfc97b9d8d4cf26dbca5d93c97b64061/execute/sync HTTP/1.1" 200 0</msg>
<msg time="2025-03-03T13:57:04.840505" level="DEBUG">Remote response: status=200 | data={"value":true} | headers=HTTPHeaderDict({'Content-Length': '14', 'Content-Type': 'application/json; charset=utf-8', 'cache-control': 'no-cache'})</msg>
<msg time="2025-03-03T13:57:04.840604" level="DEBUG">Finished Request</msg>
<msg time="2025-03-03T13:57:04.840675" level="TRACE">Return: None</msg>
<arg>${locator}</arg>
<arg>timeout=${timeout}</arg>
<doc>Waits until the element ``locator`` is visible.</doc>
<status status="PASS" start="2025-03-03T13:57:04.808647" elapsed="0.032078"/>
</kw>
<kw name="Input Text" owner="SeleniumLibrary">
<msg time="2025-03-03T13:57:04.841142" level="TRACE">Arguments: [ '//input[@data-qa="login-email"]' | 'username' ]</msg>
<msg time="2025-03-03T13:57:04.841224" level="INFO">Typing text 'username' into text field '//input[@data-qa="login-email"]'.</msg>
<msg time="2025-03-03T13:57:04.841355" level="DEBUG">POST http://localhost:63198/session/bfc97b9d8d4cf26dbca5d93c97b64061/elements {'using': 'xpath', 'value': '//input[@data-qa="login-email"]'}</msg>
<msg time="2025-03-03T13:57:04.851129" level="DEBUG">http://localhost:63198 "POST /session/bfc97b9d8d4cf26dbca5d93c97b64061/elements HTTP/1.1" 200 0</msg>
<msg time="2025-03-03T13:57:04.851268" level="DEBUG">Remote response: status=200 | data={"value":[{"element-6066-11e4-a52e-4f735466cecf":"f.CA30CEC292B96652A62D28D6DD19284C.d.ABD70BB6404C7CE07822CB2735A9F29E.e.43"}]} | headers=HTTPHeaderDict({'Content-Length': '128', 'Content-Type': 'application/json; charset=utf-8', 'cache-control': 'no-cache'})</msg>
<msg time="2025-03-03T13:57:04.851344" level="DEBUG">Finished Request</msg>
<msg time="2025-03-03T13:57:04.851455" level="DEBUG">POST http://localhost:63198/session/bfc97b9d8d4cf26dbca5d93c97b64061/element/f.CA30CEC292B96652A62D28D6DD19284C.d.ABD70BB6404C7CE07822CB2735A9F29E.e.43/clear {}</msg>
<msg time="2025-03-03T13:57:04.904727" level="DEBUG">http://localhost:63198 "POST /session/bfc97b9d8d4cf26dbca5d93c97b64061/element/f.CA30CEC292B96652A62D28D6DD19284C.d.ABD70BB6404C7CE07822CB2735A9F29E.e.43/clear HTTP/1.1" 200 0</msg>
<msg time="2025-03-03T13:57:04.904978" level="DEBUG">Remote response: status=200 | data={"value":null} | headers=HTTPHeaderDict({'Content-Length': '14', 'Content-Type': 'application/json; charset=utf-8', 'cache-control': 'no-cache'})</msg>
<msg time="2025-03-03T13:57:04.905120" level="DEBUG">Finished Request</msg>
<msg time="2025-03-03T13:57:04.905340" level="DEBUG">POST http://localhost:63198/session/bfc97b9d8d4cf26dbca5d93c97b64061/element/f.CA30CEC292B96652A62D28D6DD19284C.d.ABD70BB6404C7CE07822CB2735A9F29E.e.43/value {'text': 'username', 'value': ['u', 's', 'e', 'r', 'n', 'a', 'm', 'e']}</msg>
<msg time="2025-03-03T13:57:05.025598" level="DEBUG">http://localhost:63198 "POST /session/bfc97b9d8d4cf26dbca5d93c97b64061/element/f.CA30CEC292B96652A62D28D6DD19284C.d.ABD70BB6404C7CE07822CB2735A9F29E.e.43/value HTTP/1.1" 200 0</msg>
<msg time="2025-03-03T13:57:05.025864" level="DEBUG">Remote response: status=200 | data={"value":null} | headers=HTTPHeaderDict({'Content-Length': '14', 'Content-Type': 'application/json; charset=utf-8', 'cache-control': 'no-cache'})</msg>
<msg time="2025-03-03T13:57:05.026108" level="DEBUG">Finished Request</msg>
<msg time="2025-03-03T13:57:05.026231" level="TRACE">Return: None</msg>
<arg>${locator}</arg>
<arg>${text}</arg>
<doc>Types the given ``text`` into the text field identified by ``locator``.</doc>
<status status="PASS" start="2025-03-03T13:57:04.840924" elapsed="0.185365"/>
</kw>
<msg time="2025-03-03T13:57:05.026391" level="TRACE">Return: None</msg>
<arg>${email_login}</arg>
<arg>${username}</arg>
<status status="PASS" start="2025-03-03T13:57:04.808123" elapsed="0.218303"/>
</kw>
<kw name="Wait And Input Text" owner="keywords">
<msg time="2025-03-03T13:57:05.026906" level="TRACE">Arguments: [ ${locator}='//input[@data-qa="login-password"]' | ${text}='password' | ${timeout}='10s' ]</msg>
<kw name="Wait Until Element Is Visible" owner="SeleniumLibrary">
<msg time="2025-03-03T13:57:05.027328" level="TRACE">Arguments: [ '//input[@data-qa="login-password"]' | timeout=datetime.timedelta(seconds=10) ]</msg>
<msg time="2025-03-03T13:57:05.027841" level="DEBUG">POST http://localhost:63198/session/bfc97b9d8d4cf26dbca5d93c97b64061/elements {'using': 'xpath', 'value': '//input[@data-qa="login-password"]'}</msg>
<msg time="2025-03-03T13:57:05.078255" level="DEBUG">http://localhost:63198 "POST /session/bfc97b9d8d4cf26dbca5d93c97b64061/elements HTTP/1.1" 200 0</msg>
<msg time="2025-03-03T13:57:05.078554" level="DEBUG">Remote response: status=200 | data={"value":[{"element-6066-11e4-a52e-4f735466cecf":"f.CA30CEC292B96652A62D28D6DD19284C.d.ABD70BB6404C7CE07822CB2735A9F29E.e.45"}]} | headers=HTTPHeaderDict({'Content-Length': '128', 'Content-Type': 'application/json; charset=utf-8', 'cache-control': 'no-cache'})</msg>
<msg time="2025-03-03T13:57:05.078766" level="DEBUG">Finished Request</msg>
<msg time="2025-03-03T13:57:05.079247" level="DEBUG">POST http://localhost:63198/session/bfc97b9d8d4cf26dbca5d93c97b64061/execute/sync {'script': '/* isDisplayed */return (function(){return (function(){var g=this||self;\nfunction aa(a){var b=typeof...', 'args': [{'element-6066-11e4-a52e-4f735466cecf': 'f.CA30CEC292B96652A62D28D6DD19284C.d.ABD70BB6404C7CE07822CB2735A9F29E.e.45'}]}</msg>
<msg time="2025-03-03T13:57:05.088824" level="DEBUG">http://localhost:63198 "POST /session/bfc97b9d8d4cf26dbca5d93c97b64061/execute/sync HTTP/1.1" 200 0</msg>
<msg time="2025-03-03T13:57:05.089072" level="DEBUG">Remote response: status=200 | data={"value":true} | headers=HTTPHeaderDict({'Content-Length': '14', 'Content-Type': 'application/json; charset=utf-8', 'cache-control': 'no-cache'})</msg>
<msg time="2025-03-03T13:57:05.089183" level="DEBUG">Finished Request</msg>
<msg time="2025-03-03T13:57:05.089270" level="TRACE">Return: None</msg>
<arg>${locator}</arg>
<arg>timeout=${timeout}</arg>
<doc>Waits until the element ``locator`` is visible.</doc>
<status status="PASS" start="2025-03-03T13:57:05.027096" elapsed="0.062235"/>
</kw>
<kw name="Input Text" owner="SeleniumLibrary">
<msg time="2025-03-03T13:57:05.089816" level="TRACE">Arguments: [ '//input[@data-qa="login-password"]' | 'password' ]</msg>
<msg time="2025-03-03T13:57:05.089920" level="INFO">Typing text 'password' into text field '//input[@data-qa="login-password"]'.</msg>
<msg time="2025-03-03T13:57:05.090084" level="DEBUG">POST http://localhost:63198/session/bfc97b9d8d4cf26dbca5d93c97b64061/elements {'using': 'xpath', 'value': '//input[@data-qa="login-password"]'}</msg>
<msg time="2025-03-03T13:57:05.096564" level="DEBUG">http://localhost:63198 "POST /session/bfc97b9d8d4cf26dbca5d93c97b64061/elements HTTP/1.1" 200 0</msg>
<msg time="2025-03-03T13:57:05.096750" level="DEBUG">Remote response: status=200 | data={"value":[{"element-6066-11e4-a52e-4f735466cecf":"f.CA30CEC292B96652A62D28D6DD19284C.d.ABD70BB6404C7CE07822CB2735A9F29E.e.45"}]} | headers=HTTPHeaderDict({'Content-Length': '128', 'Content-Type': 'application/json; charset=utf-8', 'cache-control': 'no-cache'})</msg>
<msg time="2025-03-03T13:57:05.096866" level="DEBUG">Finished Request</msg>
<msg time="2025-03-03T13:57:05.097020" level="DEBUG">POST http://localhost:63198/session/bfc97b9d8d4cf26dbca5d93c97b64061/element/f.CA30CEC292B96652A62D28D6DD19284C.d.ABD70BB6404C7CE07822CB2735A9F29E.e.45/clear {}</msg>
<msg time="2025-03-03T13:57:05.118859" level="DEBUG">http://localhost:63198 "POST /session/bfc97b9d8d4cf26dbca5d93c97b64061/element/f.CA30CEC292B96652A62D28D6DD19284C.d.ABD70BB6404C7CE07822CB2735A9F29E.e.45/clear HTTP/1.1" 200 0</msg>
<msg time="2025-03-03T13:57:05.119114" level="DEBUG">Remote response: status=200 | data={"value":null} | headers=HTTPHeaderDict({'Content-Length': '14', 'Content-Type': 'application/json; charset=utf-8', 'cache-control': 'no-cache'})</msg>
<msg time="2025-03-03T13:57:05.119285" level="DEBUG">Finished Request</msg>
<msg time="2025-03-03T13:57:05.119451" level="DEBUG">POST http://localhost:63198/session/bfc97b9d8d4cf26dbca5d93c97b64061/element/f.CA30CEC292B96652A62D28D6DD19284C.d.ABD70BB6404C7CE07822CB2735A9F29E.e.45/value {'text': 'password', 'value': ['p', 'a', 's', 's', 'w', 'o', 'r', 'd']}</msg>
<msg time="2025-03-03T13:57:05.172836" level="DEBUG">http://localhost:63198 "POST /session/bfc97b9d8d4cf26dbca5d93c97b64061/element/f.CA30CEC292B96652A62D28D6DD19284C.d.ABD70BB6404C7CE07822CB2735A9F29E.e.45/value HTTP/1.1" 200 0</msg>
<msg time="2025-03-03T13:57:05.172987" level="DEBUG">Remote response: status=200 | data={"value":null} | headers=HTTPHeaderDict({'Content-Length': '14', 'Content-Type': 'application/json; charset=utf-8', 'cache-control': 'no-cache'})</msg>
<msg time="2025-03-03T13:57:05.173061" level="DEBUG">Finished Request</msg>
<msg time="2025-03-03T13:57:05.173123" level="TRACE">Return: None</msg>
<arg>${locator}</arg>
<arg>${text}</arg>
<doc>Types the given ``text`` into the text field identified by ``locator``.</doc>
<status status="PASS" start="2025-03-03T13:57:05.089557" elapsed="0.083613"/>
</kw>
<msg time="2025-03-03T13:57:05.173263" level="TRACE">Return: None</msg>
<arg>${password_login}</arg>
<arg>${password}</arg>
<status status="PASS" start="2025-03-03T13:57:05.026633" elapsed="0.146664"/>
</kw>
<kw name="Wait And Click" owner="keywords">
<msg time="2025-03-03T13:57:05.173725" level="TRACE">Arguments: [ ${locator}='//button[@data-qa="login-button"]' | ${timeout}='10s' ]</msg>
<kw name="Wait Until Element Is Visible" owner="SeleniumLibrary">
<msg time="2025-03-03T13:57:05.174150" level="TRACE">Arguments: [ '//button[@data-qa="login-button"]' | timeout=datetime.timedelta(seconds=10) ]</msg>
<msg time="2025-03-03T13:57:05.174367" level="DEBUG">POST http://localhost:63198/session/bfc97b9d8d4cf26dbca5d93c97b64061/elements {'using': 'xpath', 'value': '//button[@data-qa="login-button"]'}</msg>
<msg time="2025-03-03T13:57:05.183196" level="DEBUG">http://localhost:63198 "POST /session/bfc97b9d8d4cf26dbca5d93c97b64061/elements HTTP/1.1" 200 0</msg>
<msg time="2025-03-03T13:57:05.183356" level="DEBUG">Remote response: status=200 | data={"value":[{"element-6066-11e4-a52e-4f735466cecf":"f.CA30CEC292B96652A62D28D6DD19284C.d.ABD70BB6404C7CE07822CB2735A9F29E.e.52"}]} | headers=HTTPHeaderDict({'Content-Length': '128', 'Content-Type': 'application/json; charset=utf-8', 'cache-control': 'no-cache'})</msg>
<msg time="2025-03-03T13:57:05.183457" level="DEBUG">Finished Request</msg>
<msg time="2025-03-03T13:57:05.183672" level="DEBUG">POST http://localhost:63198/session/bfc97b9d8d4cf26dbca5d93c97b64061/execute/sync {'script': '/* isDisplayed */return (function(){return (function(){var g=this||self;\nfunction aa(a){var b=typeof...', 'args': [{'element-6066-11e4-a52e-4f735466cecf': 'f.CA30CEC292B96652A62D28D6DD19284C.d.ABD70BB6404C7CE07822CB2735A9F29E.e.52'}]}</msg>
<msg time="2025-03-03T13:57:05.189394" level="DEBUG">http://localhost:63198 "POST /session/bfc97b9d8d4cf26dbca5d93c97b64061/execute/sync HTTP/1.1" 200 0</msg>
<msg time="2025-03-03T13:57:05.189550" level="DEBUG">Remote response: status=200 | data={"value":true} | headers=HTTPHeaderDict({'Content-Length': '14', 'Content-Type': 'application/json; charset=utf-8', 'cache-control': 'no-cache'})</msg>
<msg time="2025-03-03T13:57:05.189629" level="DEBUG">Finished Request</msg>
<msg time="2025-03-03T13:57:05.189696" level="TRACE">Return: None</msg>
<arg>${locator}</arg>
<arg>timeout=${timeout}</arg>
<doc>Waits until the element ``locator`` is visible.</doc>
<status status="PASS" start="2025-03-03T13:57:05.173897" elapsed="0.015850"/>
</kw>
<kw name="Click Element" owner="SeleniumLibrary">
<msg time="2025-03-03T13:57:05.190149" level="TRACE">Arguments: [ '//button[@data-qa="login-button"]' ]</msg>
<msg time="2025-03-03T13:57:05.190235" level="INFO">Clicking element '//button[@data-qa="login-button"]'.</msg>
<msg time="2025-03-03T13:57:05.190355" level="DEBUG">POST http://localhost:63198/session/bfc97b9d8d4cf26dbca5d93c97b64061/elements {'using': 'xpath', 'value': '//button[@data-qa="login-button"]'}</msg>
<msg time="2025-03-03T13:57:05.196192" level="DEBUG">http://localhost:63198 "POST /session/bfc97b9d8d4cf26dbca5d93c97b64061/elements HTTP/1.1" 200 0</msg>
<msg time="2025-03-03T13:57:05.196359" level="DEBUG">Remote response: status=200 | data={"value":[{"element-6066-11e4-a52e-4f735466cecf":"f.CA30CEC292B96652A62D28D6DD19284C.d.ABD70BB6404C7CE07822CB2735A9F29E.e.52"}]} | headers=HTTPHeaderDict({'Content-Length': '128', 'Content-Type': 'application/json; charset=utf-8', 'cache-control': 'no-cache'})</msg>
<msg time="2025-03-03T13:57:05.196512" level="DEBUG">Finished Request</msg>
<msg time="2025-03-03T13:57:05.196716" level="DEBUG">POST http://localhost:63198/session/bfc97b9d8d4cf26dbca5d93c97b64061/element/f.CA30CEC292B96652A62D28D6DD19284C.d.ABD70BB6404C7CE07822CB2735A9F29E.e.52/click {}</msg>
<msg time="2025-03-03T13:57:05.280402" level="DEBUG">http://localhost:63198 "POST /session/bfc97b9d8d4cf26dbca5d93c97b64061/element/f.CA30CEC292B96652A62D28D6DD19284C.d.ABD70BB6404C7CE07822CB2735A9F29E.e.52/click HTTP/1.1" 200 0</msg>
<msg time="2025-03-03T13:57:05.280759" level="DEBUG">Remote response: status=200 | data={"value":null} | headers=HTTPHeaderDict({'Content-Length': '14', 'Content-Type': 'application/json; charset=utf-8', 'cache-control': 'no-cache'})</msg>
<msg time="2025-03-03T13:57:05.280900" level="DEBUG">Finished Request</msg>
<msg time="2025-03-03T13:57:05.281017" level="TRACE">Return: None</msg>
<arg>${locator}</arg>
<doc>Click the element identified by ``locator``.</doc>
<status status="PASS" start="2025-03-03T13:57:05.189946" elapsed="0.091148"/>
</kw>
<msg time="2025-03-03T13:57:05.281239" level="TRACE">Return: None</msg>
<arg>${login-button}</arg>
<status status="PASS" start="2025-03-03T13:57:05.173488" elapsed="0.107792"/>
</kw>
<var name="${row}">['username', 'password']</var>
<status status="PASS" start="2025-03-03T13:57:04.806481" elapsed="0.474879"/>
</iter>
<iter>
<kw name="Set Variable" owner="BuiltIn">
<msg time="2025-03-03T13:57:05.282252" level="TRACE">Arguments: [ 'john.doe@automa.com' | 'WrongPass' ]</msg>
<msg time="2025-03-03T13:57:05.282393" level="TRACE">Return: ['john.doe@automa.com', 'WrongPass']</msg>
<msg time="2025-03-03T13:57:05.282480" level="INFO">${username} = john.doe@automa.com</msg>
<msg time="2025-03-03T13:57:05.282521" level="INFO">${password} = WrongPass</msg>
<var>${username}</var>
<var>${password}</var>
<arg>${row}[0]</arg>
<arg>${row}[1]</arg>
<doc>Returns the given values which can then be assigned to a variables.</doc>
<status status="PASS" start="2025-03-03T13:57:05.282029" elapsed="0.000515"/>
</kw>
<kw name="Log" owner="BuiltIn">
<msg time="2025-03-03T13:57:05.282964" level="TRACE">Arguments: [ 'Logging in with john.doe@automa.com and WrongPass' ]</msg>
<msg time="2025-03-03T13:57:05.283106" level="INFO">Logging in with john.doe@automa.com and WrongPass</msg>
<msg time="2025-03-03T13:57:05.283205" level="TRACE">Return: None</msg>
<arg>Logging in with ${username} and ${password}</arg>
<doc>Logs the given message with the given level.</doc>
<status status="PASS" start="2025-03-03T13:57:05.282680" elapsed="0.000588"/>
</kw>
<kw name="Wait And Input Text" owner="keywords">
<msg time="2025-03-03T13:57:05.283839" level="TRACE">Arguments: [ ${locator}='//input[@data-qa="login-email"]' | ${text}='john.doe@automa.com' | ${timeout}='10s' ]</msg>
<kw name="Wait Until Element Is Visible" owner="SeleniumLibrary">
<msg time="2025-03-03T13:57:05.284374" level="TRACE">Arguments: [ '//input[@data-qa="login-email"]' | timeout=datetime.timedelta(seconds=10) ]</msg>
<msg time="2025-03-03T13:57:05.284733" level="DEBUG">POST http://localhost:63198/session/bfc97b9d8d4cf26dbca5d93c97b64061/elements {'using': 'xpath', 'value': '//input[@data-qa="login-email"]'}</msg>
<msg time="2025-03-03T13:57:05.294851" level="DEBUG">http://localhost:63198 "POST /session/bfc97b9d8d4cf26dbca5d93c97b64061/elements HTTP/1.1" 200 0</msg>
<msg time="2025-03-03T13:57:05.294995" level="DEBUG">Remote response: status=200 | data={"value":[{"element-6066-11e4-a52e-4f735466cecf":"f.CA30CEC292B96652A62D28D6DD19284C.d.ABD70BB6404C7CE07822CB2735A9F29E.e.43"}]} | headers=HTTPHeaderDict({'Content-Length': '128', 'Content-Type': 'application/json; charset=utf-8', 'cache-control': 'no-cache'})</msg>
<msg time="2025-03-03T13:57:05.295069" level="DEBUG">Finished Request</msg>
<msg time="2025-03-03T13:57:05.295291" level="DEBUG">POST http://localhost:63198/session/bfc97b9d8d4cf26dbca5d93c97b64061/execute/sync {'script': '/* isDisplayed */return (function(){return (function(){var g=this||self;\nfunction aa(a){var b=typeof...', 'args': [{'element-6066-11e4-a52e-4f735466cecf': 'f.CA30CEC292B96652A62D28D6DD19284C.d.ABD70BB6404C7CE07822CB2735A9F29E.e.43'}]}</msg>
<msg time="2025-03-03T13:57:05.301746" level="DEBUG">http://localhost:63198 "POST /session/bfc97b9d8d4cf26dbca5d93c97b64061/execute/sync HTTP/1.1" 200 0</msg>
<msg time="2025-03-03T13:57:05.301891" level="DEBUG">Remote response: status=200 | data={"value":true} | headers=HTTPHeaderDict({'Content-Length': '14', 'Content-Type': 'application/json; charset=utf-8', 'cache-control': 'no-cache'})</msg>
<msg time="2025-03-03T13:57:05.301967" level="DEBUG">Finished Request</msg>
<msg time="2025-03-03T13:57:05.302034" level="TRACE">Return: None</msg>
<arg>${locator}</arg>
<arg>timeout=${timeout}</arg>
<doc>Waits until the element ``locator`` is visible.</doc>
<status status="PASS" start="2025-03-03T13:57:05.284080" elapsed="0.018005"/>
</kw>
<kw name="Input Text" owner="SeleniumLibrary">
<msg time="2025-03-03T13:57:05.302628" level="TRACE">Arguments: [ '//input[@data-qa="login-email"]' | 'john.doe@automa.com' ]</msg>
<msg time="2025-03-03T13:57:05.302754" level="INFO">Typing text 'john.doe@automa.com' into text field '//input[@data-qa="login-email"]'.</msg>
<msg time="2025-03-03T13:57:05.302896" level="DEBUG">POST http://localhost:63198/session/bfc97b9d8d4cf26dbca5d93c97b64061/elements {'using': 'xpath', 'value': '//input[@data-qa="login-email"]'}</msg>
<msg time="2025-03-03T13:57:05.312299" level="DEBUG">http://localhost:63198 "POST /session/bfc97b9d8d4cf26dbca5d93c97b64061/elements HTTP/1.1" 200 0</msg>
<msg time="2025-03-03T13:57:05.313113" level="DEBUG">Remote response: status=200 | data={"value":[{"element-6066-11e4-a52e-4f735466cecf":"f.CA30CEC292B96652A62D28D6DD19284C.d.ABD70BB6404C7CE07822CB2735A9F29E.e.43"}]} | headers=HTTPHeaderDict({'Content-Length': '128', 'Content-Type': 'application/json; charset=utf-8', 'cache-control': 'no-cache'})</msg>
<msg time="2025-03-03T13:57:05.313208" level="DEBUG">Finished Request</msg>
<msg time="2025-03-03T13:57:05.313322" level="DEBUG">POST http://localhost:63198/session/bfc97b9d8d4cf26dbca5d93c97b64061/element/f.CA30CEC292B96652A62D28D6DD19284C.d.ABD70BB6404C7CE07822CB2735A9F29E.e.43/clear {}</msg>
<msg time="2025-03-03T13:57:05.345686" level="DEBUG">http://localhost:63198 "POST /session/bfc97b9d8d4cf26dbca5d93c97b64061/element/f.CA30CEC292B96652A62D28D6DD19284C.d.ABD70BB6404C7CE07822CB2735A9F29E.e.43/clear HTTP/1.1" 200 0</msg>
<msg time="2025-03-03T13:57:05.346005" level="DEBUG">Remote response: status=200 | data={"value":null} | headers=HTTPHeaderDict({'Content-Length': '14', 'Content-Type': 'application/json; charset=utf-8', 'cache-control': 'no-cache'})</msg>
<msg time="2025-03-03T13:57:05.346142" level="DEBUG">Finished Request</msg>
<msg time="2025-03-03T13:57:05.346352" level="DEBUG">POST http://localhost:63198/session/bfc97b9d8d4cf26dbca5d93c97b64061/element/f.CA30CEC292B96652A62D28D6DD19284C.d.ABD70BB6404C7CE07822CB2735A9F29E.e.43/value {'text': 'john.doe@automa.com', 'value': ['j', 'o', 'h', 'n', '.', 'd', 'o', 'e', '@', 'a', 'u', 't', 'o', 'm', 'a', '.', 'c', 'o', 'm']}</msg>
<msg time="2025-03-03T13:57:05.446619" level="DEBUG">http://localhost:63198 "POST /session/bfc97b9d8d4cf26dbca5d93c97b64061/element/f.CA30CEC292B96652A62D28D6DD19284C.d.ABD70BB6404C7CE07822CB2735A9F29E.e.43/value HTTP/1.1" 200 0</msg>
<msg time="2025-03-03T13:57:05.446753" level="DEBUG">Remote response: status=200 | data={"value":null} | headers=HTTPHeaderDict({'Content-Length': '14', 'Content-Type': 'application/json; charset=utf-8', 'cache-control': 'no-cache'})</msg>
<msg time="2025-03-03T13:57:05.446815" level="DEBUG">Finished Request</msg>
<msg time="2025-03-03T13:57:05.446870" level="TRACE">Return: None</msg>
<arg>${locator}</arg>
<arg>${text}</arg>
<doc>Types the given ``text`` into the text field identified by ``locator``.</doc>
<status status="PASS" start="2025-03-03T13:57:05.302279" elapsed="0.144635"/>
</kw>
<msg time="2025-03-03T13:57:05.446997" level="TRACE">Return: None</msg>
<arg>${email_login}</arg>
<arg>${username}</arg>
<status status="PASS" start="2025-03-03T13:57:05.283522" elapsed="0.163550"/>
</kw>
<kw name="Wait And Input Text" owner="keywords">
<msg time="2025-03-03T13:57:05.447465" level="TRACE">Arguments: [ ${locator}='//input[@data-qa="login-password"]' | ${text}='WrongPass' | ${timeout}='10s' ]</msg>
<kw name="Wait Until Element Is Visible" owner="SeleniumLibrary">
<msg time="2025-03-03T13:57:05.447805" level="TRACE">Arguments: [ '//input[@data-qa="login-password"]' | timeout=datetime.timedelta(seconds=10) ]</msg>
<msg time="2025-03-03T13:57:05.447984" level="DEBUG">POST http://localhost:63198/session/bfc97b9d8d4cf26dbca5d93c97b64061/elements {'using': 'xpath', 'value': '//input[@data-qa="login-password"]'}</msg>
<msg time="2025-03-03T13:57:05.461461" level="DEBUG">http://localhost:63198 "POST /session/bfc97b9d8d4cf26dbca5d93c97b64061/elements HTTP/1.1" 200 0</msg>
<msg time="2025-03-03T13:57:05.461656" level="DEBUG">Remote response: status=200 | data={"value":[{"element-6066-11e4-a52e-4f735466cecf":"f.CA30CEC292B96652A62D28D6DD19284C.d.ABD70BB6404C7CE07822CB2735A9F29E.e.45"}]} | headers=HTTPHeaderDict({'Content-Length': '128', 'Content-Type': 'application/json; charset=utf-8', 'cache-control': 'no-cache'})</msg>
<msg time="2025-03-03T13:57:05.461745" level="DEBUG">Finished Request</msg>
<msg time="2025-03-03T13:57:05.461975" level="DEBUG">POST http://localhost:63198/session/bfc97b9d8d4cf26dbca5d93c97b64061/execute/sync {'script': '/* isDisplayed */return (function(){return (function(){var g=this||self;\nfunction aa(a){var b=typeof...', 'args': [{'element-6066-11e4-a52e-4f735466cecf': 'f.CA30CEC292B96652A62D28D6DD19284C.d.ABD70BB6404C7CE07822CB2735A9F29E.e.45'}]}</msg>
<msg time="2025-03-03T13:57:05.469605" level="DEBUG">http://localhost:63198 "POST /session/bfc97b9d8d4cf26dbca5d93c97b64061/execute/sync HTTP/1.1" 200 0</msg>
<msg time="2025-03-03T13:57:05.470024" level="DEBUG">Remote response: status=200 | data={"value":true} | headers=HTTPHeaderDict({'Content-Length': '14', 'Content-Type': 'application/json; charset=utf-8', 'cache-control': 'no-cache'})</msg>
<msg time="2025-03-03T13:57:05.470138" level="DEBUG">Finished Request</msg>
<msg time="2025-03-03T13:57:05.470214" level="TRACE">Return: None</msg>
<arg>${locator}</arg>
<arg>timeout=${timeout}</arg>
<doc>Waits until the element ``locator`` is visible.</doc>
<status status="PASS" start="2025-03-03T13:57:05.447619" elapsed="0.022647"/>
</kw>
<kw name="Input Text" owner="SeleniumLibrary">
<msg time="2025-03-03T13:57:05.470667" level="TRACE">Arguments: [ '//input[@data-qa="login-password"]' | 'WrongPass' ]</msg>
<msg time="2025-03-03T13:57:05.470758" level="INFO">Typing text 'WrongPass' into text field '//input[@data-qa="login-password"]'.</msg>
<msg time="2025-03-03T13:57:05.470890" level="DEBUG">POST http://localhost:63198/session/bfc97b9d8d4cf26dbca5d93c97b64061/elements {'using': 'xpath', 'value': '//input[@data-qa="login-password"]'}</msg>
<msg time="2025-03-03T13:57:05.478279" level="DEBUG">http://localhost:63198 "POST /session/bfc97b9d8d4cf26dbca5d93c97b64061/elements HTTP/1.1" 200 0</msg>
<msg time="2025-03-03T13:57:05.478562" level="DEBUG">Remote response: status=200 | data={"value":[{"element-6066-11e4-a52e-4f735466cecf":"f.CA30CEC292B96652A62D28D6DD19284C.d.ABD70BB6404C7CE07822CB2735A9F29E.e.45"}]} | headers=HTTPHeaderDict({'Content-Length': '128', 'Content-Type': 'application/json; charset=utf-8', 'cache-control': 'no-cache'})</msg>
<msg time="2025-03-03T13:57:05.478707" level="DEBUG">Finished Request</msg>
<msg time="2025-03-03T13:57:05.478883" level="DEBUG">POST http://localhost:63198/session/bfc97b9d8d4cf26dbca5d93c97b64061/element/f.CA30CEC292B96652A62D28D6DD19284C.d.ABD70BB6404C7CE07822CB2735A9F29E.e.45/clear {}</msg>
<msg time="2025-03-03T13:57:05.512508" level="DEBUG">http://localhost:63198 "POST /session/bfc97b9d8d4cf26dbca5d93c97b64061/element/f.CA30CEC292B96652A62D28D6DD19284C.d.ABD70BB6404C7CE07822CB2735A9F29E.e.45/clear HTTP/1.1" 200 0</msg>
<msg time="2025-03-03T13:57:05.512804" level="DEBUG">Remote response: status=200 | data={"value":null} | headers=HTTPHeaderDict({'Content-Length': '14', 'Content-Type': 'application/json; charset=utf-8', 'cache-control': 'no-cache'})</msg>
<msg time="2025-03-03T13:57:05.512952" level="DEBUG">Finished Request</msg>
<msg time="2025-03-03T13:57:05.513112" level="DEBUG">POST http://localhost:63198/session/bfc97b9d8d4cf26dbca5d93c97b64061/element/f.CA30CEC292B96652A62D28D6DD19284C.d.ABD70BB6404C7CE07822CB2735A9F29E.e.45/value {'text': 'WrongPass', 'value': ['W', 'r', 'o', 'n', 'g', 'P', 'a', 's', 's']}</msg>
<msg time="2025-03-03T13:57:05.597481" level="DEBUG">http://localhost:63198 "POST /session/bfc97b9d8d4cf26dbca5d93c97b64061/element/f.CA30CEC292B96652A62D28D6DD19284C.d.ABD70BB6404C7CE07822CB2735A9F29E.e.45/value HTTP/1.1" 200 0</msg>
<msg time="2025-03-03T13:57:05.597661" level="DEBUG">Remote response: status=200 | data={"value":null} | headers=HTTPHeaderDict({'Content-Length': '14', 'Content-Type': 'application/json; charset=utf-8', 'cache-control': 'no-cache'})</msg>
<msg time="2025-03-03T13:57:05.597753" level="DEBUG">Finished Request</msg>
<msg time="2025-03-03T13:57:05.597831" level="TRACE">Return: None</msg>
<arg>${locator}</arg>
<arg>${text}</arg>
<doc>Types the given ``text`` into the text field identified by ``locator``.</doc>
<status status="PASS" start="2025-03-03T13:57:05.470448" elapsed="0.127445"/>
</kw>
<msg time="2025-03-03T13:57:05.598013" level="TRACE">Return: None</msg>
<arg>${password_login}</arg>
<arg>${password}</arg>
<status status="PASS" start="2025-03-03T13:57:05.447251" elapsed="0.150806"/>
</kw>
<kw name="Wait And Click" owner="keywords">
<msg time="2025-03-03T13:57:05.598669" level="TRACE">Arguments: [ ${locator}='//button[@data-qa="login-button"]' | ${timeout}='10s' ]</msg>
<kw name="Wait Until Element Is Visible" owner="SeleniumLibrary">
<msg time="2025-03-03T13:57:05.599360" level="TRACE">Arguments: [ '//button[@data-qa="login-button"]' | timeout=datetime.timedelta(seconds=10) ]</msg>
<msg time="2025-03-03T13:57:05.599697" level="DEBUG">POST http://localhost:63198/session/bfc97b9d8d4cf26dbca5d93c97b64061/elements {'using': 'xpath', 'value': '//button[@data-qa="login-button"]'}</msg>
<msg time="2025-03-03T13:57:05.608087" level="DEBUG">http://localhost:63198 "POST /session/bfc97b9d8d4cf26dbca5d93c97b64061/elements HTTP/1.1" 200 0</msg>
<msg time="2025-03-03T13:57:05.608282" level="DEBUG">Remote response: status=200 | data={"value":[{"element-6066-11e4-a52e-4f735466cecf":"f.CA30CEC292B96652A62D28D6DD19284C.d.ABD70BB6404C7CE07822CB2735A9F29E.e.52"}]} | headers=HTTPHeaderDict({'Content-Length': '128', 'Content-Type': 'application/json; charset=utf-8', 'cache-control': 'no-cache'})</msg>
<msg time="2025-03-03T13:57:05.608380" level="DEBUG">Finished Request</msg>
<msg time="2025-03-03T13:57:05.608605" level="DEBUG">POST http://localhost:63198/session/bfc97b9d8d4cf26dbca5d93c97b64061/execute/sync {'script': '/* isDisplayed */return (function(){return (function(){var g=this||self;\nfunction aa(a){var b=typeof...', 'args': [{'element-6066-11e4-a52e-4f735466cecf': 'f.CA30CEC292B96652A62D28D6DD19284C.d.ABD70BB6404C7CE07822CB2735A9F29E.e.52'}]}</msg>
<msg time="2025-03-03T13:57:05.616306" level="DEBUG">http://localhost:63198 "POST /session/bfc97b9d8d4cf26dbca5d93c97b64061/execute/sync HTTP/1.1" 200 0</msg>
<msg time="2025-03-03T13:57:05.616493" level="DEBUG">Remote response: status=200 | data={"value":true} | headers=HTTPHeaderDict({'Content-Length': '14', 'Content-Type': 'application/json; charset=utf-8', 'cache-control': 'no-cache'})</msg>
<msg time="2025-03-03T13:57:05.616586" level="DEBUG">Finished Request</msg>
<msg time="2025-03-03T13:57:05.616677" level="TRACE">Return: None</msg>
<arg>${locator}</arg>
<arg>timeout=${timeout}</arg>
<doc>Waits until the element ``locator`` is visible.</doc>
<status status="PASS" start="2025-03-03T13:57:05.598925" elapsed="0.017819"/>
</kw>
<kw name="Click Element" owner="SeleniumLibrary">
<msg time="2025-03-03T13:57:05.617293" level="TRACE">Arguments: [ '//button[@data-qa="login-button"]' ]</msg>
<msg time="2025-03-03T13:57:05.617504" level="INFO">Clicking element '//button[@data-qa="login-button"]'.</msg>
<msg time="2025-03-03T13:57:05.617694" level="DEBUG">POST http://localhost:63198/session/bfc97b9d8d4cf26dbca5d93c97b64061/elements {'using': 'xpath', 'value': '//button[@data-qa="login-button"]'}</msg>
<msg time="2025-03-03T13:57:05.625422" level="DEBUG">http://localhost:63198 "POST /session/bfc97b9d8d4cf26dbca5d93c97b64061/elements HTTP/1.1" 200 0</msg>
<msg time="2025-03-03T13:57:05.625550" level="DEBUG">Remote response: status=200 | data={"value":[{"element-6066-11e4-a52e-4f735466cecf":"f.CA30CEC292B96652A62D28D6DD19284C.d.ABD70BB6404C7CE07822CB2735A9F29E.e.52"}]} | headers=HTTPHeaderDict({'Content-Length': '128', 'Content-Type': 'application/json; charset=utf-8', 'cache-control': 'no-cache'})</msg>
<msg time="2025-03-03T13:57:05.625631" level="DEBUG">Finished Request</msg>
<msg time="2025-03-03T13:57:05.625739" level="DEBUG">POST http://localhost:63198/session/bfc97b9d8d4cf26dbca5d93c97b64061/element/f.CA30CEC292B96652A62D28D6DD19284C.d.ABD70BB6404C7CE07822CB2735A9F29E.e.52/click {}</msg>
<msg time="2025-03-03T13:57:07.558865" level="DEBUG">http://localhost:63198 "POST /session/bfc97b9d8d4cf26dbca5d93c97b64061/element/f.CA30CEC292B96652A62D28D6DD19284C.d.ABD70BB6404C7CE07822CB2735A9F29E.e.52/click HTTP/1.1" 200 0</msg>
<msg time="2025-03-03T13:57:07.559402" level="DEBUG">Remote response: status=200 | data={"value":null} | headers=HTTPHeaderDict({'Content-Length': '14', 'Content-Type': 'application/json; charset=utf-8', 'cache-control': 'no-cache'})</msg>
<msg time="2025-03-03T13:57:07.559660" level="DEBUG">Finished Request</msg>
<msg time="2025-03-03T13:57:07.559847" level="TRACE">Return: None</msg>
<arg>${locator}</arg>
<doc>Click the element identified by ``locator``.</doc>
<status status="PASS" start="2025-03-03T13:57:05.617021" elapsed="1.942974"/>
</kw>
<msg time="2025-03-03T13:57:07.560197" level="TRACE">Return: None</msg>
<arg>${login-button}</arg>
<status status="PASS" start="2025-03-03T13:57:05.598292" elapsed="1.961998"/>
</kw>
<var name="${row}">['john.doe@automa.com', 'WrongPass']</var>
<status status="PASS" start="2025-03-03T13:57:05.281721" elapsed="2.278711"/>
</iter>
<iter>
<kw name="Set Variable" owner="BuiltIn">
<msg time="2025-03-03T13:57:07.561531" level="TRACE">Arguments: [ 'invalid.user2@automa.com' | '12345' ]</msg>
<msg time="2025-03-03T13:57:07.561691" level="TRACE">Return: ['invalid.user2@automa.com', '12345']</msg>
<msg time="2025-03-03T13:57:07.561833" level="INFO">${username} = invalid.user2@automa.com</msg>
<msg time="2025-03-03T13:57:07.561908" level="INFO">${password} = 12345</msg>
<var>${username}</var>
<var>${password}</var>
<arg>${row}[0]</arg>
<arg>${row}[1]</arg>
<doc>Returns the given values which can then be assigned to a variables.</doc>
<status status="PASS" start="2025-03-03T13:57:07.561079" elapsed="0.000874"/>
</kw>
<kw name="Log" owner="BuiltIn">
<msg time="2025-03-03T13:57:07.562448" level="TRACE">Arguments: [ 'Logging in with invalid.user2@automa.com and 12345' ]</msg>
<msg time="2025-03-03T13:57:07.562553" level="INFO">Logging in with invalid.user2@automa.com and 12345</msg>
<msg time="2025-03-03T13:57:07.562609" level="TRACE">Return: None</msg>
<arg>Logging in with ${username} and ${password}</arg>
<doc>Logs the given message with the given level.</doc>
<status status="PASS" start="2025-03-03T13:57:07.562195" elapsed="0.000472"/>
</kw>
<kw name="Wait And Input Text" owner="keywords">
<msg time="2025-03-03T13:57:07.563285" level="TRACE">Arguments: [ ${locator}='//input[@data-qa="login-email"]' | ${text}='invalid.user2@automa.com' | ${timeout}='10s' ]</msg>
<kw name="Wait Until Element Is Visible" owner="SeleniumLibrary">
<msg time="2025-03-03T13:57:07.563877" level="TRACE">Arguments: [ '//input[@data-qa="login-email"]' | timeout=datetime.timedelta(seconds=10) ]</msg>
<msg time="2025-03-03T13:57:07.564174" level="DEBUG">POST http://localhost:63198/session/bfc97b9d8d4cf26dbca5d93c97b64061/elements {'using': 'xpath', 'value': '//input[@data-qa="login-email"]'}</msg>
<msg time="2025-03-03T13:57:07.583305" level="DEBUG">http://localhost:63198 "POST /session/bfc97b9d8d4cf26dbca5d93c97b64061/elements HTTP/1.1" 200 0</msg>
<msg time="2025-03-03T13:57:07.583513" level="DEBUG">Remote response: status=200 | data={"value":[{"element-6066-11e4-a52e-4f735466cecf":"f.CA30CEC292B96652A62D28D6DD19284C.d.E05A45D4F4E5544DC41353FC1F99993C.e.72"}]} | headers=HTTPHeaderDict({'Content-Length': '128', 'Content-Type': 'application/json; charset=utf-8', 'cache-control': 'no-cache'})</msg>
<msg time="2025-03-03T13:57:07.583619" level="DEBUG">Finished Request</msg>
<msg time="2025-03-03T13:57:07.583879" level="DEBUG">POST http://localhost:63198/session/bfc97b9d8d4cf26dbca5d93c97b64061/execute/sync {'script': '/* isDisplayed */return (function(){return (function(){var g=this||self;\nfunction aa(a){var b=typeof...', 'args': [{'element-6066-11e4-a52e-4f735466cecf': 'f.CA30CEC292B96652A62D28D6DD19284C.d.E05A45D4F4E5544DC41353FC1F99993C.e.72'}]}</msg>
<msg time="2025-03-03T13:57:07.602127" level="DEBUG">http://localhost:63198 "POST /session/bfc97b9d8d4cf26dbca5d93c97b64061/execute/sync HTTP/1.1" 200 0</msg>
<msg time="2025-03-03T13:57:07.602361" level="DEBUG">Remote response: status=200 | data={"value":true} | headers=HTTPHeaderDict({'Content-Length': '14', 'Content-Type': 'application/json; charset=utf-8', 'cache-control': 'no-cache'})</msg>
<msg time="2025-03-03T13:57:07.602480" level="DEBUG">Finished Request</msg>
<msg time="2025-03-03T13:57:07.602783" level="TRACE">Return: None</msg>
<arg>${locator}</arg>
<arg>timeout=${timeout}</arg>
<doc>Waits until the element ``locator`` is visible.</doc>
<status status="PASS" start="2025-03-03T13:57:07.563543" elapsed="0.039334"/>
</kw>
<kw name="Input Text" owner="SeleniumLibrary">
[...]
<msg time="2025-03-03T13:57:33.787602" level="DEBUG">http://localhost:63305 "POST /session/d6723fc7ad4099133fb496bc43f4c37a/execute/sync HTTP/1.1" 200 0</msg>
<msg time="2025-03-03T13:57:33.787812" level="DEBUG">Remote response: status=200 | data={"value":true} | headers=HTTPHeaderDict({'Content-Length': '14', 'Content-Type': 'application/json; charset=utf-8', 'cache-control': 'no-cache'})</msg>
<msg time="2025-03-03T13:57:33.787915" level="DEBUG">Finished Request</msg>
<msg time="2025-03-03T13:57:33.788002" level="TRACE">Return: None</msg>
<arg>${locator}</arg>
<arg>timeout=${timeout}</arg>
<doc>Waits until the element ``locator`` is visible.</doc>
<status status="PASS" start="2025-03-03T13:57:33.750558" elapsed="0.037513"/>
</kw>
<kw name="Click Element" owner="SeleniumLibrary">
<msg time="2025-03-03T13:57:33.788576" level="TRACE">Arguments: [ "//i[contains(@class, 'fa-shopping-cart')]" ]</msg>
<msg time="2025-03-03T13:57:33.788681" level="INFO">Clicking element '//i[contains(@class, 'fa-shopping-cart')]'.</msg>
<msg time="2025-03-03T13:57:33.788834" level="DEBUG">POST http://localhost:63305/session/d6723fc7ad4099133fb496bc43f4c37a/elements {'using': 'xpath', 'value': "//i[contains(@class, 'fa-shopping-cart')]"}</msg>
<msg time="2025-03-03T13:57:33.806190" level="DEBUG">http://localhost:63305 "POST /session/d6723fc7ad4099133fb496bc43f4c37a/elements HTTP/1.1" 200 0</msg>
<msg time="2025-03-03T13:57:33.806413" level="DEBUG">Remote response: status=200 | data={"value":[{"element-6066-11e4-a52e-4f735466cecf":"f.95864A1906DC40910104B4CF9F4F01D8.d.D25E891AC6713467057BC521C77DF398.e.152"},{"element-6066-11e4-a52e-4f735466cecf":"f.95864A1906DC40910104B4CF9F4F01D8.d.D25E891AC6713467057BC521C77DF398.e.153"},{"element-6066-11e4-a52e-4f735466cecf":"f.95864A1906DC40910104B4CF9F4F01D8.d.D25E891AC6713467057BC521C77DF398.e.154"},{"element-6066-11e4-a52e-4f735466cecf":"f.95864A1906DC40910104B4CF9F4F01D8.d.D25E891AC6713467057BC521C77DF398.e.155"},{"element-6066-11e4-a52e-4f735466cecf":"f.95864A1906DC40910104B4CF9F4F01D8.d.D25E891AC6713467057BC521C77DF398.e.156"}]} | headers=HTTPHeaderDict({'Content-Length': '601', 'Content-Type': 'application/json; charset=utf-8', 'cache-control': 'no-cache'})</msg>
<msg time="2025-03-03T13:57:33.806536" level="DEBUG">Finished Request</msg>
<msg time="2025-03-03T13:57:33.806704" level="DEBUG">POST http://localhost:63305/session/d6723fc7ad4099133fb496bc43f4c37a/element/f.95864A1906DC40910104B4CF9F4F01D8.d.D25E891AC6713467057BC521C77DF398.e.152/click {}</msg>
<msg time="2025-03-03T13:57:35.309929" level="DEBUG">http://localhost:63305 "POST /session/d6723fc7ad4099133fb496bc43f4c37a/element/f.95864A1906DC40910104B4CF9F4F01D8.d.D25E891AC6713467057BC521C77DF398.e.152/click HTTP/1.1" 200 0</msg>
<msg time="2025-03-03T13:57:35.310084" level="DEBUG">Remote response: status=200 | data={"value":null} | headers=HTTPHeaderDict({'Content-Length': '14', 'Content-Type': 'application/json; charset=utf-8', 'cache-control': 'no-cache'})</msg>
<msg time="2025-03-03T13:57:35.310157" level="DEBUG">Finished Request</msg>
<msg time="2025-03-03T13:57:35.310216" level="TRACE">Return: None</msg>
<arg>${locator}</arg>
<doc>Click the element identified by ``locator``.</doc>
<status status="PASS" start="2025-03-03T13:57:33.788324" elapsed="1.521940"/>
</kw>
<msg time="2025-03-03T13:57:35.310355" level="TRACE">Return: None</msg>
<arg>${shopping-cart}</arg>
<arg>3s</arg>
<status status="PASS" start="2025-03-03T13:57:33.750010" elapsed="1.560379"/>
</kw>
<kw name="Sleep" owner="BuiltIn">
<msg time="2025-03-03T13:57:35.310646" level="TRACE">Arguments: [ '3s' ]</msg>
<msg time="2025-03-03T13:57:38.311360" level="INFO">Slept 3 seconds.</msg>
<msg time="2025-03-03T13:57:38.311914" level="TRACE">Return: None</msg>
<arg>3s</arg>
<doc>Pauses the test executed for the given time.</doc>
<status status="PASS" start="2025-03-03T13:57:35.310540" elapsed="3.001452"/>
</kw>
<kw name="Wait Until Page Contains Element" owner="SeleniumLibrary">
<msg time="2025-03-03T13:57:38.312498" level="TRACE">Arguments: [ "//a[contains(@class, 'check_out')]" ]</msg>
<msg time="2025-03-03T13:57:38.312797" level="DEBUG">POST http://localhost:63305/session/d6723fc7ad4099133fb496bc43f4c37a/elements {'using': 'xpath', 'value': "//a[contains(@class, 'check_out')]"}</msg>
<msg time="2025-03-03T13:57:38.351416" level="DEBUG">http://localhost:63305 "POST /session/d6723fc7ad4099133fb496bc43f4c37a/elements HTTP/1.1" 200 0</msg>
<msg time="2025-03-03T13:57:38.351690" level="DEBUG">Remote response: status=200 | data={"value":[{"element-6066-11e4-a52e-4f735466cecf":"f.95864A1906DC40910104B4CF9F4F01D8.d.8599354AB371B021F9E2CC90C6336D42.e.165"}]} | headers=HTTPHeaderDict({'Content-Length': '129', 'Content-Type': 'application/json; charset=utf-8', 'cache-control': 'no-cache'})</msg>
<msg time="2025-03-03T13:57:38.351849" level="DEBUG">Finished Request</msg>
<msg time="2025-03-03T13:57:38.351947" level="TRACE">Return: None</msg>
<arg>${Checkout_btn}</arg>
<doc>Waits until the element ``locator`` appears on the current page.</doc>
<status status="PASS" start="2025-03-03T13:57:38.312237" elapsed="0.039771"/>
</kw>
<kw name="Wait And Click" owner="keywords">
<msg time="2025-03-03T13:57:38.352764" level="TRACE">Arguments: [ ${locator}="//a[contains(@class, 'check_out')]" | ${timeout}='10s' ]</msg>
<kw name="Wait Until Element Is Visible" owner="SeleniumLibrary">
<msg time="2025-03-03T13:57:38.353322" level="TRACE">Arguments: [ "//a[contains(@class, 'check_out')]" | timeout=datetime.timedelta(seconds=10) ]</msg>
<msg time="2025-03-03T13:57:38.353578" level="DEBUG">POST http://localhost:63305/session/d6723fc7ad4099133fb496bc43f4c37a/elements {'using': 'xpath', 'value': "//a[contains(@class, 'check_out')]"}</msg>
<msg time="2025-03-03T13:57:38.366742" level="DEBUG">http://localhost:63305 "POST /session/d6723fc7ad4099133fb496bc43f4c37a/elements HTTP/1.1" 200 0</msg>
<msg time="2025-03-03T13:57:38.366892" level="DEBUG">Remote response: status=200 | data={"value":[{"element-6066-11e4-a52e-4f735466cecf":"f.95864A1906DC40910104B4CF9F4F01D8.d.8599354AB371B021F9E2CC90C6336D42.e.165"}]} | headers=HTTPHeaderDict({'Content-Length': '129', 'Content-Type': 'application/json; charset=utf-8', 'cache-control': 'no-cache'})</msg>
<msg time="2025-03-03T13:57:38.366979" level="DEBUG">Finished Request</msg>
<msg time="2025-03-03T13:57:38.367208" level="DEBUG">POST http://localhost:63305/session/d6723fc7ad4099133fb496bc43f4c37a/execute/sync {'script': '/* isDisplayed */return (function(){return (function(){var g=this||self;\nfunction aa(a){var b=typeof...', 'args': [{'element-6066-11e4-a52e-4f735466cecf': 'f.95864A1906DC40910104B4CF9F4F01D8.d.8599354AB371B021F9E2CC90C6336D42.e.165'}]}</msg>
<msg time="2025-03-03T13:57:38.380526" level="DEBUG">http://localhost:63305 "POST /session/d6723fc7ad4099133fb496bc43f4c37a/execute/sync HTTP/1.1" 200 0</msg>
<msg time="2025-03-03T13:57:38.380731" level="DEBUG">Remote response: status=200 | data={"value":true} | headers=HTTPHeaderDict({'Content-Length': '14', 'Content-Type': 'application/json; charset=utf-8', 'cache-control': 'no-cache'})</msg>
<msg time="2025-03-03T13:57:38.380849" level="DEBUG">Finished Request</msg>
<msg time="2025-03-03T13:57:38.380985" level="TRACE">Return: None</msg>
<arg>${locator}</arg>
<arg>timeout=${timeout}</arg>
<doc>Waits until the element ``locator`` is visible.</doc>
<status status="PASS" start="2025-03-03T13:57:38.353008" elapsed="0.028057"/>
</kw>
<kw name="Click Element" owner="SeleniumLibrary">
<msg time="2025-03-03T13:57:38.381722" level="TRACE">Arguments: [ "//a[contains(@class, 'check_out')]" ]</msg>
<msg time="2025-03-03T13:57:38.381904" level="INFO">Clicking element '//a[contains(@class, 'check_out')]'.</msg>
<msg time="2025-03-03T13:57:38.382144" level="DEBUG">POST http://localhost:63305/session/d6723fc7ad4099133fb496bc43f4c37a/elements {'using': 'xpath', 'value': "//a[contains(@class, 'check_out')]"}</msg>
<msg time="2025-03-03T13:57:38.396492" level="DEBUG">http://localhost:63305 "POST /session/d6723fc7ad4099133fb496bc43f4c37a/elements HTTP/1.1" 200 0</msg>
<msg time="2025-03-03T13:57:38.396676" level="DEBUG">Remote response: status=200 | data={"value":[{"element-6066-11e4-a52e-4f735466cecf":"f.95864A1906DC40910104B4CF9F4F01D8.d.8599354AB371B021F9E2CC90C6336D42.e.165"}]} | headers=HTTPHeaderDict({'Content-Length': '129', 'Content-Type': 'application/json; charset=utf-8', 'cache-control': 'no-cache'})</msg>
<msg time="2025-03-03T13:57:38.396762" level="DEBUG">Finished Request</msg>
<msg time="2025-03-03T13:57:38.396897" level="DEBUG">POST http://localhost:63305/session/d6723fc7ad4099133fb496bc43f4c37a/element/f.95864A1906DC40910104B4CF9F4F01D8.d.8599354AB371B021F9E2CC90C6336D42.e.165/click {}</msg>
<msg time="2025-03-03T13:57:39.750569" level="DEBUG">http://localhost:63305 "POST /session/d6723fc7ad4099133fb496bc43f4c37a/element/f.95864A1906DC40910104B4CF9F4F01D8.d.8599354AB371B021F9E2CC90C6336D42.e.165/click HTTP/1.1" 200 0</msg>
<msg time="2025-03-03T13:57:39.750822" level="DEBUG">Remote response: status=200 | data={"value":null} | headers=HTTPHeaderDict({'Content-Length': '14', 'Content-Type': 'application/json; charset=utf-8', 'cache-control': 'no-cache'})</msg>
<msg time="2025-03-03T13:57:39.751008" level="DEBUG">Finished Request</msg>
<msg time="2025-03-03T13:57:39.751152" level="TRACE">Return: None</msg>
<arg>${locator}</arg>
<doc>Click the element identified by ``locator``.</doc>
<status status="PASS" start="2025-03-03T13:57:38.381379" elapsed="1.369876"/>
</kw>
<msg time="2025-03-03T13:57:39.751425" level="TRACE">Return: None</msg>
<arg>${Checkout_btn}</arg>
<status status="PASS" start="2025-03-03T13:57:38.352433" elapsed="1.399099"/>
</kw>
<kw name="Sleep" owner="BuiltIn">
<msg time="2025-03-03T13:57:39.752484" level="TRACE">Arguments: [ '5s' ]</msg>
<msg time="2025-03-03T13:57:44.753163" level="INFO">Slept 5 seconds.</msg>
<msg time="2025-03-03T13:57:44.753651" level="TRACE">Return: None</msg>
<arg>5s</arg>
<doc>Pauses the test executed for the given time.</doc>
<status status="PASS" start="2025-03-03T13:57:39.752128" elapsed="5.001725"/>
</kw>
<kw name="Scroll Element Into View" owner="SeleniumLibrary">
<msg time="2025-03-03T13:57:44.755850" level="TRACE">Arguments: [ "//p[contains(text(), 'Get the most recent updates from')]" ]</msg>
<msg time="2025-03-03T13:57:44.756389" level="DEBUG">POST http://localhost:63305/session/d6723fc7ad4099133fb496bc43f4c37a/elements {'using': 'xpath', 'value': "//p[contains(text(), 'Get the most recent updates from')]"}</msg>
<msg time="2025-03-03T13:57:44.778061" level="DEBUG">http://localhost:63305 "POST /session/d6723fc7ad4099133fb496bc43f4c37a/elements HTTP/1.1" 200 0</msg>
<msg time="2025-03-03T13:57:44.778422" level="DEBUG">Remote response: status=200 | data={"value":[{"element-6066-11e4-a52e-4f735466cecf":"f.95864A1906DC40910104B4CF9F4F01D8.d.6C4652CE0D33742448C8E1E0DB6C0F29.e.211"}]} | headers=HTTPHeaderDict({'Content-Length': '129', 'Content-Type': 'application/json; charset=utf-8', 'cache-control': 'no-cache'})</msg>
<msg time="2025-03-03T13:57:44.778550" level="DEBUG">Finished Request</msg>
<msg time="2025-03-03T13:57:44.778823" level="DEBUG">POST http://localhost:63305/session/d6723fc7ad4099133fb496bc43f4c37a/actions {'actions': [{'type': 'pointer', 'parameters': {'pointerType': 'mouse'}, 'id': 'mouse', 'actions': [{'type': 'pointerMove', 'duration': 250, 'x': 0, 'y': 0, 'origin': {'element-6066-11e4-a52e-4f735466cecf': 'f.95864A1906DC40910104B4CF9F4F01D8.d.6C4652CE0D33742448C8E1E0DB6C0F29.e.211'}}]}, {'type': 'key', 'id': 'key', 'actions': [{'type': 'pause', 'duration': 0}]}]}</msg>
<msg time="2025-03-03T13:57:45.083946" level="DEBUG">http://localhost:63305 "POST /session/d6723fc7ad4099133fb496bc43f4c37a/actions HTTP/1.1" 200 0</msg>
<msg time="2025-03-03T13:57:45.084560" level="DEBUG">Remote response: status=200 | data={"value":null} | headers=HTTPHeaderDict({'Content-Length': '14', 'Content-Type': 'application/json; charset=utf-8', 'cache-control': 'no-cache'})</msg>
<msg time="2025-03-03T13:57:45.084696" level="DEBUG">Finished Request</msg>
<msg time="2025-03-03T13:57:45.084809" level="TRACE">Return: None</msg>
<arg>${view_product}</arg>
<doc>Scrolls the element identified by ``locator`` into view.</doc>
<status status="PASS" start="2025-03-03T13:57:44.755354" elapsed="0.329531"/>
</kw>
<kw name="Wait And Click" owner="keywords">
<msg time="2025-03-03T13:57:45.085925" level="TRACE">Arguments: [ ${locator}="//a[contains(text(), 'Place Order')]" | ${timeout}='10s' ]</msg>
<kw name="Wait Until Element Is Visible" owner="SeleniumLibrary">
<msg time="2025-03-03T13:57:45.086631" level="TRACE">Arguments: [ "//a[contains(text(), 'Place Order')]" | timeout=datetime.timedelta(seconds=10) ]</msg>
<msg time="2025-03-03T13:57:45.086932" level="DEBUG">POST http://localhost:63305/session/d6723fc7ad4099133fb496bc43f4c37a/elements {'using': 'xpath', 'value': "//a[contains(text(), 'Place Order')]"}</msg>
<msg time="2025-03-03T13:57:45.110934" level="DEBUG">http://localhost:63305 "POST /session/d6723fc7ad4099133fb496bc43f4c37a/elements HTTP/1.1" 200 0</msg>
<msg time="2025-03-03T13:57:45.111212" level="DEBUG">Remote response: status=200 | data={"value":[{"element-6066-11e4-a52e-4f735466cecf":"f.95864A1906DC40910104B4CF9F4F01D8.d.6C4652CE0D33742448C8E1E0DB6C0F29.e.213"}]} | headers=HTTPHeaderDict({'Content-Length': '129', 'Content-Type': 'application/json; charset=utf-8', 'cache-control': 'no-cache'})</msg>
<msg time="2025-03-03T13:57:45.111332" level="DEBUG">Finished Request</msg>
<msg time="2025-03-03T13:57:45.111632" level="DEBUG">POST http://localhost:63305/session/d6723fc7ad4099133fb496bc43f4c37a/execute/sync {'script': '/* isDisplayed */return (function(){return (function(){var g=this||self;\nfunction aa(a){var b=typeof...', 'args': [{'element-6066-11e4-a52e-4f735466cecf': 'f.95864A1906DC40910104B4CF9F4F01D8.d.6C4652CE0D33742448C8E1E0DB6C0F29.e.213'}]}</msg>
<msg time="2025-03-03T13:57:45.129417" level="DEBUG">http://localhost:63305 "POST /session/d6723fc7ad4099133fb496bc43f4c37a/execute/sync HTTP/1.1" 200 0</msg>
<msg time="2025-03-03T13:57:45.129647" level="DEBUG">Remote response: status=200 | data={"value":true} | headers=HTTPHeaderDict({'Content-Length': '14', 'Content-Type': 'application/json; charset=utf-8', 'cache-control': 'no-cache'})</msg>
<msg time="2025-03-03T13:57:45.129741" level="DEBUG">Finished Request</msg>
<msg time="2025-03-03T13:57:45.129845" level="TRACE">Return: None</msg>
<arg>${locator}</arg>
<arg>timeout=${timeout}</arg>
<doc>Waits until the element ``locator`` is visible.</doc>
<status status="PASS" start="2025-03-03T13:57:45.086215" elapsed="0.043703"/>
</kw>
<kw name="Click Element" owner="SeleniumLibrary">
<msg time="2025-03-03T13:57:45.130529" level="TRACE">Arguments: [ "//a[contains(text(), 'Place Order')]" ]</msg>
<msg time="2025-03-03T13:57:45.130650" level="INFO">Clicking element '//a[contains(text(), 'Place Order')]'.</msg>
<msg time="2025-03-03T13:57:45.130842" level="DEBUG">POST http://localhost:63305/session/d6723fc7ad4099133fb496bc43f4c37a/elements {'using': 'xpath', 'value': "//a[contains(text(), 'Place Order')]"}</msg>
<msg time="2025-03-03T13:57:45.165452" level="DEBUG">http://localhost:63305 "POST /session/d6723fc7ad4099133fb496bc43f4c37a/elements HTTP/1.1" 200 0</msg>
<msg time="2025-03-03T13:57:45.165636" level="DEBUG">Remote response: status=200 | data={"value":[{"element-6066-11e4-a52e-4f735466cecf":"f.95864A1906DC40910104B4CF9F4F01D8.d.6C4652CE0D33742448C8E1E0DB6C0F29.e.213"}]} | headers=HTTPHeaderDict({'Content-Length': '129', 'Content-Type': 'application/json; charset=utf-8', 'cache-control': 'no-cache'})</msg>
<msg time="2025-03-03T13:57:45.165728" level="DEBUG">Finished Request</msg>
<msg time="2025-03-03T13:57:45.165863" level="DEBUG">POST http://localhost:63305/session/d6723fc7ad4099133fb496bc43f4c37a/element/f.95864A1906DC40910104B4CF9F4F01D8.d.6C4652CE0D33742448C8E1E0DB6C0F29.e.213/click {}</msg>
<msg time="2025-03-03T13:57:46.686490" level="DEBUG">http://localhost:63305 "POST /session/d6723fc7ad4099133fb496bc43f4c37a/element/f.95864A1906DC40910104B4CF9F4F01D8.d.6C4652CE0D33742448C8E1E0DB6C0F29.e.213/click HTTP/1.1" 200 0</msg>
<msg time="2025-03-03T13:57:46.686711" level="DEBUG">Remote response: status=200 | data={"value":null} | headers=HTTPHeaderDict({'Content-Length': '14', 'Content-Type': 'application/json; charset=utf-8', 'cache-control': 'no-cache'})</msg>
<msg time="2025-03-03T13:57:46.686811" level="DEBUG">Finished Request</msg>
<msg time="2025-03-03T13:57:46.686893" level="TRACE">Return: None</msg>
<arg>${locator}</arg>
<doc>Click the element identified by ``locator``.</doc>
<status status="PASS" start="2025-03-03T13:57:45.130212" elapsed="1.556739"/>
</kw>
<msg time="2025-03-03T13:57:46.687070" level="TRACE">Return: None</msg>
<arg>${payment}</arg>
<status status="PASS" start="2025-03-03T13:57:45.085342" elapsed="1.601771"/>
</kw>
<kw name="Sleep" owner="BuiltIn">
<msg time="2025-03-03T13:57:46.687511" level="TRACE">Arguments: [ '3s' ]</msg>
<msg time="2025-03-03T13:57:49.688122" level="INFO">Slept 3 seconds.</msg>
<msg time="2025-03-03T13:57:49.688275" level="TRACE">Return: None</msg>
<arg>3s</arg>
<doc>Pauses the test executed for the given time.</doc>
<status status="PASS" start="2025-03-03T13:57:46.687332" elapsed="3.001014"/>
</kw>
<msg time="2025-03-03T13:57:49.688517" level="TRACE">Return: None</msg>
<status status="PASS" start="2025-03-03T13:57:33.749540" elapsed="15.939035"/>
</kw>
<kw name="Sleep" owner="BuiltIn">
<msg time="2025-03-03T13:57:49.689490" level="TRACE">Arguments: [ '3s' ]</msg>
<msg time="2025-03-03T13:57:52.690212" level="INFO">Slept 3 seconds.</msg>
<msg time="2025-03-03T13:57:52.690509" level="TRACE">Return: None</msg>
<arg>3s</arg>
<doc>Pauses the test executed for the given time.</doc>
<status status="PASS" start="2025-03-03T13:57:49.689329" elapsed="3.001255"/>
</kw>
<kw name="Close Browser" owner="SeleniumLibrary">
<msg time="2025-03-03T13:57:52.691227" level="TRACE">Arguments: [  ]</msg>
<msg time="2025-03-03T13:57:52.691335" level="DEBUG">Closing browser with session id d6723fc7ad4099133fb496bc43f4c37a.</msg>
<msg time="2025-03-03T13:57:52.691542" level="DEBUG">DELETE http://localhost:63305/session/d6723fc7ad4099133fb496bc43f4c37a {}</msg>
<msg time="2025-03-03T13:57:52.885869" level="DEBUG">http://localhost:63305 "DELETE /session/d6723fc7ad4099133fb496bc43f4c37a HTTP/1.1" 200 0</msg>
<msg time="2025-03-03T13:57:52.886034" level="DEBUG">Remote response: status=200 | data={"value":null} | headers=HTTPHeaderDict({'Content-Length': '14', 'Content-Type': 'application/json; charset=utf-8', 'cache-control': 'no-cache'})</msg>
<msg time="2025-03-03T13:57:52.886148" level="DEBUG">Finished Request</msg>
<msg time="2025-03-03T13:57:55.062715" level="TRACE">Return: None</msg>
<doc>Closes the current browser.</doc>
<status status="PASS" start="2025-03-03T13:57:52.691103" elapsed="2.371867"/>
</kw>
<status status="PASS" start="2025-03-03T13:57:13.103601" elapsed="41.960046"/>
</test>
<status status="FAIL" start="2025-03-03T13:56:43.448762" elapsed="71.616601"/>
</suite>
<meta name="Randomized">Suites and tests (seed 1100950318278105321)</meta>
<status status="FAIL" start="2025-03-03T13:56:43.405851" elapsed="71.661761"/>
</suite>
<statistics>
<total>
<stat pass="2" fail="1" skip="0">All Tests</stat>
</total>
<tag>
</tag>
<suite>
<stat name="Tests" id="s1" pass="2" fail="1" skip="0">Tests</stat>
<stat name="Test" id="s1-s1" pass="2" fail="1" skip="0">Tests.Test</stat>
</suite>
</statistics>
<errors>
</errors>
</robot>
